Using pre-set license
Built from '2022.3/staging' branch; Version is '2022.3.22f1 (887be4894c44) revision 8944612'; Using compiler version '192829333'; Build Type 'Release'
OS: 'Windows 10  (10.0.19045) 64bit Professional' Language: 'es' Physical Memory: 32701 MB
BatchMode: 1, IsHumanControllingUs: 0, StartBugReporterOnCrash: 0, Is64bit: 1, IsPro: 1

COMMAND LINE ARGUMENTS:
C:\Program Files\Unity\Hub\Editor\2022.3.22f1\Editor\Unity.exe
-adb2
-batchMode
-noUpm
-name
AssetImportWorker8
-projectPath
C:/Users/nacho/OneDrive/Documentos/GitHub/Evaluacion2Shooter
-logFile
Logs/AssetImportWorker8.log
-srvPort
53322
Successfully changed project path to: C:/Users/nacho/OneDrive/Documentos/GitHub/Evaluacion2Shooter
C:/Users/nacho/OneDrive/Documentos/GitHub/Evaluacion2Shooter
[UnityMemory] Configuration Parameters - Can be set up in boot.config
    "memorysetup-bucket-allocator-granularity=16"
    "memorysetup-bucket-allocator-bucket-count=8"
    "memorysetup-bucket-allocator-block-size=33554432"
    "memorysetup-bucket-allocator-block-count=8"
    "memorysetup-main-allocator-block-size=16777216"
    "memorysetup-thread-allocator-block-size=16777216"
    "memorysetup-gfx-main-allocator-block-size=16777216"
    "memorysetup-gfx-thread-allocator-block-size=16777216"
    "memorysetup-cache-allocator-block-size=4194304"
    "memorysetup-typetree-allocator-block-size=2097152"
    "memorysetup-profiler-bucket-allocator-granularity=16"
    "memorysetup-profiler-bucket-allocator-bucket-count=8"
    "memorysetup-profiler-bucket-allocator-block-size=33554432"
    "memorysetup-profiler-bucket-allocator-block-count=8"
    "memorysetup-profiler-allocator-block-size=16777216"
    "memorysetup-profiler-editor-allocator-block-size=1048576"
    "memorysetup-temp-allocator-size-main=16777216"
    "memorysetup-job-temp-allocator-block-size=2097152"
    "memorysetup-job-temp-allocator-block-size-background=1048576"
    "memorysetup-job-temp-allocator-reduction-small-platforms=262144"
    "memorysetup-allocator-temp-initial-block-size-main=262144"
    "memorysetup-allocator-temp-initial-block-size-worker=262144"
    "memorysetup-temp-allocator-size-background-worker=32768"
    "memorysetup-temp-allocator-size-job-worker=262144"
    "memorysetup-temp-allocator-size-preload-manager=33554432"
    "memorysetup-temp-allocator-size-nav-mesh-worker=65536"
    "memorysetup-temp-allocator-size-audio-worker=65536"
    "memorysetup-temp-allocator-size-cloud-worker=32768"
    "memorysetup-temp-allocator-size-gi-baking-worker=262144"
    "memorysetup-temp-allocator-size-gfx=262144"
Player connection [26728] Host "[IP] 192.168.1.115 [Port] 0 [Flags] 2 [Guid] 1835547894 [EditorId] 1835547894 [Version] 1048832 [Id] WindowsEditor(7,DESKTOP-5AJE7OS) [Debug] 1 [PackageName] WindowsEditor [ProjectName] Editor" joined multi-casting on [225.0.0.222:54997]...

Player connection [26728] Host "[IP] 192.168.1.115 [Port] 0 [Flags] 2 [Guid] 1835547894 [EditorId] 1835547894 [Version] 1048832 [Id] WindowsEditor(7,DESKTOP-5AJE7OS) [Debug] 1 [PackageName] WindowsEditor [ProjectName] Editor" joined alternative multi-casting on [225.0.0.222:34997]...

[Physics::Module] Initialized MultithreadedJobDispatcher with 7 workers.
Refreshing native plugins compatible for Editor in 4.72 ms, found 2 plugins.
Preloading 0 native plugins for Editor in 0.00 ms.
Initialize engine version: 2022.3.22f1 (887be4894c44)
[Subsystems] Discovering subsystems at path C:/Program Files/Unity/Hub/Editor/2022.3.22f1/Editor/Data/Resources/UnitySubsystems
[Subsystems] Discovering subsystems at path C:/Users/nacho/OneDrive/Documentos/GitHub/Evaluacion2Shooter/Assets
GfxDevice: creating device client; threaded=0; jobified=0
Direct3D:
    Version:  Direct3D 11.0 [level 11.1]
    Renderer: NVIDIA GeForce RTX 2080 SUPER (ID=0x1e81)
    Vendor:   NVIDIA
    VRAM:     7987 MB
    Driver:   31.0.15.5222
Initialize mono
Mono path[0] = 'C:/Program Files/Unity/Hub/Editor/2022.3.22f1/Editor/Data/Managed'
Mono path[1] = 'C:/Program Files/Unity/Hub/Editor/2022.3.22f1/Editor/Data/MonoBleedingEdge/lib/mono/unityjit-win32'
Mono config path = 'C:/Program Files/Unity/Hub/Editor/2022.3.22f1/Editor/Data/MonoBleedingEdge/etc'
Using monoOptions --debugger-agent=transport=dt_socket,embedding=1,server=y,suspend=n,address=127.0.0.1:56376
Begin MonoManager ReloadAssembly
Registering precompiled unity dll's ...
Register platform support module: C:/Program Files/Unity/Hub/Editor/2022.3.22f1/Editor/Data/PlaybackEngines/WindowsStandaloneSupport/UnityEditor.WindowsStandalone.Extensions.dll
Registered in 0.008655 seconds.
- Loaded All Assemblies, in  0.329 seconds
Native extension for WindowsStandalone target not found
Mono: successfully reloaded assembly
- Finished resetting the current domain, in  0.260 seconds
Domain Reload Profiling: 587ms
	BeginReloadAssembly (98ms)
		ExecutionOrderSort (0ms)
		DisableScriptedObjects (0ms)
		BackupInstance (0ms)
		ReleaseScriptingObjects (0ms)
		CreateAndSetChildDomain (1ms)
	RebuildCommonClasses (31ms)
	RebuildNativeTypeToScriptingClass (11ms)
	initialDomainReloadingComplete (57ms)
	LoadAllAssembliesAndSetupDomain (130ms)
		LoadAssemblies (96ms)
		RebuildTransferFunctionScriptingTraits (0ms)
		AnalyzeDomain (128ms)
			TypeCache.Refresh (127ms)
				TypeCache.ScanAssembly (114ms)
			ScanForSourceGeneratedMonoScriptInfo (0ms)
			ResolveRequiredComponents (0ms)
	FinalizeReload (260ms)
		ReleaseScriptCaches (0ms)
		RebuildScriptCaches (0ms)
		SetupLoadedEditorAssemblies (205ms)
			LogAssemblyErrors (0ms)
			InitializePlatformSupportModulesInManaged (9ms)
			SetLoadedEditorAssemblies (7ms)
			RefreshPlugins (0ms)
			BeforeProcessingInitializeOnLoad (2ms)
			ProcessInitializeOnLoadAttributes (142ms)
			ProcessInitializeOnLoadMethodAttributes (45ms)
			AfterProcessingInitializeOnLoad (0ms)
			EditorAssembliesLoaded (0ms)
		ExecutionOrderSort2 (0ms)
		AwakeInstancesAfterBackupRestoration (0ms)
========================================================================
Worker process is ready to serve import requests
Begin MonoManager ReloadAssembly
- Loaded All Assemblies, in  0.437 seconds
Refreshing native plugins compatible for Editor in 2.42 ms, found 2 plugins.
Native extension for WindowsStandalone target not found
Package Manager log level set to [2]
[Package Manager] Server::EnsureServerProcessIsRunning -- launch failed, reason: Unity was launched with the -noUpm command-line argument
[Package Manager] UpmClient::Send -- Unable to send message (not connected to UPM process).
[Package Manager] Cannot connect to Unity Package Manager local server
Mono: successfully reloaded assembly
- Finished resetting the current domain, in  0.503 seconds
Domain Reload Profiling: 937ms
	BeginReloadAssembly (139ms)
		ExecutionOrderSort (0ms)
		DisableScriptedObjects (5ms)
		BackupInstance (0ms)
		ReleaseScriptingObjects (0ms)
		CreateAndSetChildDomain (20ms)
	RebuildCommonClasses (33ms)
	RebuildNativeTypeToScriptingClass (10ms)
	initialDomainReloadingComplete (40ms)
	LoadAllAssembliesAndSetupDomain (212ms)
		LoadAssemblies (207ms)
		RebuildTransferFunctionScriptingTraits (0ms)
		AnalyzeDomain (83ms)
			TypeCache.Refresh (71ms)
				TypeCache.ScanAssembly (60ms)
			ScanForSourceGeneratedMonoScriptInfo (8ms)
			ResolveRequiredComponents (4ms)
	FinalizeReload (503ms)
		ReleaseScriptCaches (0ms)
		RebuildScriptCaches (0ms)
		SetupLoadedEditorAssemblies (367ms)
			LogAssemblyErrors (0ms)
			InitializePlatformSupportModulesInManaged (6ms)
			SetLoadedEditorAssemblies (2ms)
			RefreshPlugins (0ms)
			BeforeProcessingInitializeOnLoad (44ms)
			ProcessInitializeOnLoadAttributes (283ms)
			ProcessInitializeOnLoadMethodAttributes (22ms)
			AfterProcessingInitializeOnLoad (9ms)
			EditorAssembliesLoaded (0ms)
		ExecutionOrderSort2 (0ms)
		AwakeInstancesAfterBackupRestoration (7ms)
Launched and connected shader compiler UnityShaderCompiler.exe after 0.04 seconds
Refreshing native plugins compatible for Editor in 1.86 ms, found 2 plugins.
Preloading 0 native plugins for Editor in 0.00 ms.
Unloading 1483 Unused Serialized files (Serialized files now loaded: 0)
Unloading 22 unused Assets / (58.6 KB). Loaded Objects now: 1968.
Memory consumption went from 100.4 MB to 100.3 MB.
Total: 2.270900 ms (FindLiveObjects: 0.121500 ms CreateObjectMapping: 0.048300 ms MarkObjects: 1.933200 ms  DeleteObjects: 0.166600 ms)

AssetImportParameters requested are different than current active one (requested -> active):
  custom:video-encoder-webm-vp8: eb34c28f22e8b96e1ab97ce403110664 -> 
  custom:video-decoder-webm-vp8: 9c59270c3fd7afecdb556c50c9e8de78 -> 
  custom:audio-decoder-ogg-vorbis: bf7c407c2cedff20999df2af8eb42d56 -> 
  custom:SearchIndexIgnoredProperties: e643bd26f0fe6173181afceb89e7c659 -> 
  custom:container-demuxer-ogg: 62fdf1f143b41e24485cea50d1cbac27 -> 
  custom:AudioImporter_EditorPlatform: d09bf68614088b80899f8185d706f6e7 -> 
  custom:CustomObjectIndexerAttribute: 9a22284fe3817be447336de3de66b15e -> 
  custom:container-demuxer-webm: 4f35f7cbe854078d1ac9338744f61a02 -> 
  custom:video-decoder-ogg-theora: a1e56fd34408186e4bbccfd4996cb3dc -> 
  custom:audio-encoder-webm-vorbis: bf7c407c2cedff20999df2af8eb42d56 -> 
  custom:framework-win-MediaFoundation: 216162199b28c13a410421893ffa2e32 -> 
  custom:container-muxer-webm: aa71ff27fc2769a1b78a27578f13a17b -> 
========================================================================
Received Import Request.
  Time since last request: 34692.099989 seconds.
  path: Assets/Models/Low Poly Weapons VOL.1/Models/ANPEQ15.fbx
  artifactKey: Guid(8cbbb35c5fcc276458e3e8865abf1341) Importer(815301076,1909f56bfc062723c751e8b465ee728b)
Start importing Assets/Models/Low Poly Weapons VOL.1/Models/ANPEQ15.fbx using Guid(8cbbb35c5fcc276458e3e8865abf1341) Importer(815301076,1909f56bfc062723c751e8b465ee728b)  -> (artifact id: 'b46af01efc3d46d325cea24ebf2df960') in 0.170512 seconds
Number of updated asset objects reloaded before import = 0
Number of asset objects unloaded after import = 9
========================================================================
Received Import Request.
  Time since last request: 0.000691 seconds.
  path: Assets/Sounds/Weapons/CSGO_Weapons/weapons/fire_ignite_1.wav
  artifactKey: Guid(4fb4b67fa9842bf428dc26bbf5776f3e) Importer(815301076,1909f56bfc062723c751e8b465ee728b)
Start importing Assets/Sounds/Weapons/CSGO_Weapons/weapons/fire_ignite_1.wav using Guid(4fb4b67fa9842bf428dc26bbf5776f3e) Importer(815301076,1909f56bfc062723c751e8b465ee728b)  -> (artifact id: '30c3311ef4e4c3b7bd64fb662caceec5') in 0.048822 seconds
Number of updated asset objects reloaded before import = 0
Number of asset objects unloaded after import = 2
========================================================================
Received Import Request.
  Time since last request: 0.000017 seconds.
  path: Assets/Sounds/Weapons/CSGO_Weapons/weapons/galil_clipout.wav
  artifactKey: Guid(a39f3f65c66846a44a1a0db59386e54c) Importer(815301076,1909f56bfc062723c751e8b465ee728b)
Start importing Assets/Sounds/Weapons/CSGO_Weapons/weapons/galil_clipout.wav using Guid(a39f3f65c66846a44a1a0db59386e54c) Importer(815301076,1909f56bfc062723c751e8b465ee728b)  -> (artifact id: 'd7d1dcc748953e83b0870a4deb97cfd0') in 0.022744 seconds
Number of updated asset objects reloaded before import = 0
Number of asset objects unloaded after import = 2
========================================================================
Received Import Request.
  Time since last request: 0.000015 seconds.
  path: Assets/Sounds/Weapons/CSGO_Weapons/weapons/bulletltor13.wav
  artifactKey: Guid(e3a431420968e704b922020eaf8b5082) Importer(815301076,1909f56bfc062723c751e8b465ee728b)
Start importing Assets/Sounds/Weapons/CSGO_Weapons/weapons/bulletltor13.wav using Guid(e3a431420968e704b922020eaf8b5082) Importer(815301076,1909f56bfc062723c751e8b465ee728b)  -> (artifact id: 'fed4a6955e26359040f1edb30461e9cf') in 0.028366 seconds
Number of updated asset objects reloaded before import = 0
Number of asset objects unloaded after import = 2
========================================================================
Received Import Request.
  Time since last request: 0.000015 seconds.
  path: Assets/TextMesh Pro/Examples & Extras/Resources/Fonts & Materials/LiberationSans SDF - Overlay.mat
  artifactKey: Guid(9ad269c99dcf42b7aedefd83dd5a7b9d) Importer(815301076,1909f56bfc062723c751e8b465ee728b)
Start importing Assets/TextMesh Pro/Examples & Extras/Resources/Fonts & Materials/LiberationSans SDF - Overlay.mat using Guid(9ad269c99dcf42b7aedefd83dd5a7b9d) Importer(815301076,1909f56bfc062723c751e8b465ee728b)  -> (artifact id: '149ace5206e4618f8a091b38f8afc46d') in 0.053002 seconds
Number of updated asset objects reloaded before import = 0
Number of asset objects unloaded after import = 2
========================================================================
Received Import Request.
  Time since last request: 0.000020 seconds.
  path: Assets/TextMesh Pro/Resources/Fonts & Materials/LiberationSans SDF - Fallback.asset
  artifactKey: Guid(2e498d1c8094910479dc3e1b768306a4) Importer(815301076,1909f56bfc062723c751e8b465ee728b)
Start importing Assets/TextMesh Pro/Resources/Fonts & Materials/LiberationSans SDF - Fallback.asset using Guid(2e498d1c8094910479dc3e1b768306a4) Importer(815301076,1909f56bfc062723c751e8b465ee728b)  -> (artifact id: '0da555759b13c497f5f22b7b30178f2b') in 0.049534 seconds
Number of updated asset objects reloaded before import = 0
Number of asset objects unloaded after import = 6
========================================================================
Received Import Request.
  Time since last request: 0.000016 seconds.
  path: Assets/Sounds/Weapons/CSGO_Weapons/weapons/mp5_slideback.wav
  artifactKey: Guid(cea7467faab117544a081dcb721f8a55) Importer(815301076,1909f56bfc062723c751e8b465ee728b)
Start importing Assets/Sounds/Weapons/CSGO_Weapons/weapons/mp5_slideback.wav using Guid(cea7467faab117544a081dcb721f8a55) Importer(815301076,1909f56bfc062723c751e8b465ee728b)  -> (artifact id: 'b40a037d2345b7f836167dc5c0d23443') in 0.025534 seconds
Number of updated asset objects reloaded before import = 0
Number of asset objects unloaded after import = 2
========================================================================
Received Import Request.
  Time since last request: 0.000017 seconds.
  path: Assets/Sounds/Weapons/CSGO_Weapons/weapons/aug-1.wav
  artifactKey: Guid(8e8a84d3d4a1cb8478049becd5ee2a39) Importer(815301076,1909f56bfc062723c751e8b465ee728b)
Start importing Assets/Sounds/Weapons/CSGO_Weapons/weapons/aug-1.wav using Guid(8e8a84d3d4a1cb8478049becd5ee2a39) Importer(815301076,1909f56bfc062723c751e8b465ee728b)  -> (artifact id: '5e737c43f05964740e34869e69f67119') in 0.032102 seconds
Number of updated asset objects reloaded before import = 0
Number of asset objects unloaded after import = 2
========================================================================
Received Import Request.
  Time since last request: 0.000023 seconds.
  path: Assets/Sounds/Weapons/CSGO_Weapons/weapons/mp7_04.wav
  artifactKey: Guid(76fa6b12b60becd47a4b27dbc05ad60b) Importer(815301076,1909f56bfc062723c751e8b465ee728b)
Start importing Assets/Sounds/Weapons/CSGO_Weapons/weapons/mp7_04.wav using Guid(76fa6b12b60becd47a4b27dbc05ad60b) Importer(815301076,1909f56bfc062723c751e8b465ee728b)  -> (artifact id: '8a6d95168edb25c6ba16d8193be620dc') in 0.029208 seconds
Number of updated asset objects reloaded before import = 0
Number of asset objects unloaded after import = 2
========================================================================
Received Import Request.
  Time since last request: 0.000015 seconds.
  path: Assets/Sounds/Weapons/CSGO_Weapons/weapons/negev_01.wav
  artifactKey: Guid(5eff8fe0c33ced84795b59bea5787bb7) Importer(815301076,1909f56bfc062723c751e8b465ee728b)
Start importing Assets/Sounds/Weapons/CSGO_Weapons/weapons/negev_01.wav using Guid(5eff8fe0c33ced84795b59bea5787bb7) Importer(815301076,1909f56bfc062723c751e8b465ee728b)  -> (artifact id: '4b392c556906acfb7790b0ebd683d9b3') in 0.041658 seconds
Number of updated asset objects reloaded before import = 0
Number of asset objects unloaded after import = 2
========================================================================
Received Import Request.
  Time since last request: 0.000015 seconds.
  path: Assets/Sounds/Weapons/CSGO_Weapons/weapons/negev_boxout.wav
  artifactKey: Guid(556dd939a292ccb4380277da087d479d) Importer(815301076,1909f56bfc062723c751e8b465ee728b)
Start importing Assets/Sounds/Weapons/CSGO_Weapons/weapons/negev_boxout.wav using Guid(556dd939a292ccb4380277da087d479d) Importer(815301076,1909f56bfc062723c751e8b465ee728b)  -> (artifact id: '80f2eca2410c2feb1e0ef08529d04fd0') in 0.023300 seconds
Number of updated asset objects reloaded before import = 0
Number of asset objects unloaded after import = 2
========================================================================
Received Import Request.
  Time since last request: 0.000189 seconds.
  path: Assets/Sounds/Weapons/CSGO_Weapons/weapons/p90-1.wav
  artifactKey: Guid(86c26199475b685409c893586a8d7107) Importer(815301076,1909f56bfc062723c751e8b465ee728b)
Start importing Assets/Sounds/Weapons/CSGO_Weapons/weapons/p90-1.wav using Guid(86c26199475b685409c893586a8d7107) Importer(815301076,1909f56bfc062723c751e8b465ee728b)  -> (artifact id: '0738c8cb0173f8aa12cbf23f034744fb') in 0.025428 seconds
Number of updated asset objects reloaded before import = 0
Number of asset objects unloaded after import = 2
========================================================================
Received Import Request.
  Time since last request: 0.000014 seconds.
  path: Assets/Sounds/Weapons/CSGO_Weapons/weapons/p250_01.wav
  artifactKey: Guid(0041fb215da94e74ba65182d658a6d52) Importer(815301076,1909f56bfc062723c751e8b465ee728b)
Start importing Assets/Sounds/Weapons/CSGO_Weapons/weapons/p250_01.wav using Guid(0041fb215da94e74ba65182d658a6d52) Importer(815301076,1909f56bfc062723c751e8b465ee728b)  -> (artifact id: 'ededc3279ba69922deab092a18358921') in 0.027507 seconds
Number of updated asset objects reloaded before import = 0
Number of asset objects unloaded after import = 2
========================================================================
Received Import Request.
  Time since last request: 0.000016 seconds.
  path: Assets/Sounds/Weapons/CSGO_Weapons/weapons/p250_slideback.wav
  artifactKey: Guid(5bb64ed28eeb6f54993fead2f8587bb8) Importer(815301076,1909f56bfc062723c751e8b465ee728b)
Start importing Assets/Sounds/Weapons/CSGO_Weapons/weapons/p250_slideback.wav using Guid(5bb64ed28eeb6f54993fead2f8587bb8) Importer(815301076,1909f56bfc062723c751e8b465ee728b)  -> (artifact id: 'e7104485db2f6ff3315bbf2b6a039023') in 0.035976 seconds
Number of updated asset objects reloaded before import = 0
Number of asset objects unloaded after import = 2
========================================================================
Received Import Request.
  Time since last request: 0.000030 seconds.
  path: Assets/Sounds/Weapons/CSGO_Weapons/weapons/push_attack1_heavy_04.wav
  artifactKey: Guid(b2f69b443e9ddfd41a686cc4d9d85a51) Importer(815301076,1909f56bfc062723c751e8b465ee728b)
Start importing Assets/Sounds/Weapons/CSGO_Weapons/weapons/push_attack1_heavy_04.wav using Guid(b2f69b443e9ddfd41a686cc4d9d85a51) Importer(815301076,1909f56bfc062723c751e8b465ee728b)  -> (artifact id: '675ef1fb75b23c22d66663e942ba8fb7') in 0.045628 seconds
Number of updated asset objects reloaded before import = 0
Number of asset objects unloaded after import = 2
========================================================================
Received Import Request.
  Time since last request: 0.000243 seconds.
  path: Assets/Models/Low Poly Weapons VOL.1/Models/M4_8.fbx
  artifactKey: Guid(c7741850eebe1df4ea75a80275b16311) Importer(815301076,1909f56bfc062723c751e8b465ee728b)
Start importing Assets/Models/Low Poly Weapons VOL.1/Models/M4_8.fbx using Guid(c7741850eebe1df4ea75a80275b16311) Importer(815301076,1909f56bfc062723c751e8b465ee728b)  -> (artifact id: '6f50789614123646eb8f86629a4460ec') in 0.068900 seconds
Number of updated asset objects reloaded before import = 0
Number of asset objects unloaded after import = 34
========================================================================
Received Import Request.
  Time since last request: 0.000016 seconds.
  path: Assets/Sounds/Weapons/CSGO_Weapons/weapons/sensor_explode.wav
  artifactKey: Guid(9d38bb7844865b947b4847eb28f7d6e8) Importer(815301076,1909f56bfc062723c751e8b465ee728b)
Start importing Assets/Sounds/Weapons/CSGO_Weapons/weapons/sensor_explode.wav using Guid(9d38bb7844865b947b4847eb28f7d6e8) Importer(815301076,1909f56bfc062723c751e8b465ee728b)  -> (artifact id: 'c19bcdaba752b4537671ee782671f08c') in 0.044766 seconds
Number of updated asset objects reloaded before import = 0
Number of asset objects unloaded after import = 2
========================================================================
Received Import Request.
  Time since last request: 0.000012 seconds.
  path: Assets/TextMesh Pro/Examples & Extras/Prefabs/Text Popup.prefab
  artifactKey: Guid(b06f0e6c1dfa4356ac918da1bb32c603) Importer(815301076,1909f56bfc062723c751e8b465ee728b)
Start importing Assets/TextMesh Pro/Examples & Extras/Prefabs/Text Popup.prefab using Guid(b06f0e6c1dfa4356ac918da1bb32c603) Importer(815301076,1909f56bfc062723c751e8b465ee728b)  -> (artifact id: 'b3ad58b0eb32524fa112e80ecb77bec0') in 0.036278 seconds
Number of updated asset objects reloaded before import = 0
Number of asset objects unloaded after import = 21
========================================================================
Received Import Request.
  Time since last request: 0.000014 seconds.
  path: Assets/Sounds/Weapons/CSGO_Weapons/weapons/ursus_flip_03.wav
  artifactKey: Guid(e1c803b74e1f8db4bbb2cfbe909169f2) Importer(815301076,1909f56bfc062723c751e8b465ee728b)
Start importing Assets/Sounds/Weapons/CSGO_Weapons/weapons/ursus_flip_03.wav using Guid(e1c803b74e1f8db4bbb2cfbe909169f2) Importer(815301076,1909f56bfc062723c751e8b465ee728b)  -> (artifact id: '3b6f1eea1986b86f1896fe9f597eb121') in 0.025808 seconds
Number of updated asset objects reloaded before import = 0
Number of asset objects unloaded after import = 2
========================================================================
Received Import Request.
  Time since last request: 0.000015 seconds.
  path: Assets/Sounds/Weapons/CSGO_Weapons/weapons/usp1-distant.wav
  artifactKey: Guid(db58569247b827243b64a389bc095ebb) Importer(815301076,1909f56bfc062723c751e8b465ee728b)
Start importing Assets/Sounds/Weapons/CSGO_Weapons/weapons/usp1-distant.wav using Guid(db58569247b827243b64a389bc095ebb) Importer(815301076,1909f56bfc062723c751e8b465ee728b)  -> (artifact id: 'fc3150bc8ccef076362d4c93a0cefce8') in 0.023134 seconds
Number of updated asset objects reloaded before import = 0
Number of asset objects unloaded after import = 2
========================================================================
Received Import Request.
  Time since last request: 0.000015 seconds.
  path: Assets/Sounds/Weapons/CSGO_Weapons/weapons/xm1014-1-distant.wav
  artifactKey: Guid(21df7f6e954d7ca4a88f7a3782667125) Importer(815301076,1909f56bfc062723c751e8b465ee728b)
Start importing Assets/Sounds/Weapons/CSGO_Weapons/weapons/xm1014-1-distant.wav using Guid(21df7f6e954d7ca4a88f7a3782667125) Importer(815301076,1909f56bfc062723c751e8b465ee728b)  -> (artifact id: 'a3bb4684c342a1ed64ee97e3f090a6be') in 0.023888 seconds
Number of updated asset objects reloaded before import = 0
Number of asset objects unloaded after import = 2
========================================================================
Received Import Request.
  Time since last request: 0.000016 seconds.
  path: Assets/TextMesh Pro/Resources/Fonts & Materials/LiberationSans SDF.asset
  artifactKey: Guid(8f586378b4e144a9851e7b34d9b748ee) Importer(815301076,1909f56bfc062723c751e8b465ee728b)
Start importing Assets/TextMesh Pro/Resources/Fonts & Materials/LiberationSans SDF.asset using Guid(8f586378b4e144a9851e7b34d9b748ee) Importer(815301076,1909f56bfc062723c751e8b465ee728b)  -> (artifact id: '1facd333df3e9d82dc7417366ce59b08') in 0.041470 seconds
Number of updated asset objects reloaded before import = 0
Number of asset objects unloaded after import = 9
========================================================================
Received Import Request.
  Time since last request: 0.000022 seconds.
  path: Assets/Sounds/Weapons/CSGO_Weapons/weapons/negev_03.wav
  artifactKey: Guid(d5321606452f7d04d83837949ef0c6b5) Importer(815301076,1909f56bfc062723c751e8b465ee728b)
Start importing Assets/Sounds/Weapons/CSGO_Weapons/weapons/negev_03.wav using Guid(d5321606452f7d04d83837949ef0c6b5) Importer(815301076,1909f56bfc062723c751e8b465ee728b)  -> (artifact id: 'fc284e5362831cf25febcc02b5600af0') in 0.027886 seconds
Number of updated asset objects reloaded before import = 0
Number of asset objects unloaded after import = 2
========================================================================
Received Import Request.
  Time since last request: 0.000015 seconds.
  path: Assets/Sounds/Weapons/CSGO_Weapons/weapons/mp7-1.wav
  artifactKey: Guid(7a25147aaef7d2143891f0b9315934cf) Importer(815301076,1909f56bfc062723c751e8b465ee728b)
Start importing Assets/Sounds/Weapons/CSGO_Weapons/weapons/mp7-1.wav using Guid(7a25147aaef7d2143891f0b9315934cf) Importer(815301076,1909f56bfc062723c751e8b465ee728b)  -> (artifact id: '2366c26ae07bd926036252c523680501') in 0.029973 seconds
Number of updated asset objects reloaded before import = 0
Number of asset objects unloaded after import = 2
========================================================================
Received Import Request.
  Time since last request: 0.000358 seconds.
  path: Assets/Sounds/Weapons/CSGO_Weapons/weapons/push_attack1_heavy_03.wav
  artifactKey: Guid(8bfe6777c35b43c4a8768f1dc6d4b3f2) Importer(815301076,1909f56bfc062723c751e8b465ee728b)
Start importing Assets/Sounds/Weapons/CSGO_Weapons/weapons/push_attack1_heavy_03.wav using Guid(8bfe6777c35b43c4a8768f1dc6d4b3f2) Importer(815301076,1909f56bfc062723c751e8b465ee728b)  -> (artifact id: 'a659eaf82e3142a7858da55139723ae1') in 0.023944 seconds
Number of updated asset objects reloaded before import = 0
Number of asset objects unloaded after import = 2
========================================================================
Received Import Request.
  Time since last request: 0.000141 seconds.
  path: Assets/Sounds/Weapons/CSGO_Weapons/weapons/usp2.wav
  artifactKey: Guid(92f15182db9fbf848923d99ab55d647f) Importer(815301076,1909f56bfc062723c751e8b465ee728b)
Start importing Assets/Sounds/Weapons/CSGO_Weapons/weapons/usp2.wav using Guid(92f15182db9fbf848923d99ab55d647f) Importer(815301076,1909f56bfc062723c751e8b465ee728b)  -> (artifact id: '9e94c8636ae9eb594254718b834f36b9') in 0.030457 seconds
Number of updated asset objects reloaded before import = 0
Number of asset objects unloaded after import = 2
========================================================================
Received Import Request.
  Time since last request: 0.000445 seconds.
  path: Assets/TextMesh Pro/Examples & Extras/Resources/Fonts & Materials/Oswald Bold SDF.asset
  artifactKey: Guid(0161d805a3764c089bef00bfe00793f5) Importer(815301076,1909f56bfc062723c751e8b465ee728b)
Start importing Assets/TextMesh Pro/Examples & Extras/Resources/Fonts & Materials/Oswald Bold SDF.asset using Guid(0161d805a3764c089bef00bfe00793f5) Importer(815301076,1909f56bfc062723c751e8b465ee728b)  -> (artifact id: '4b12c546deb34e105cce0a8c90a13c67') in 0.023272 seconds
Number of updated asset objects reloaded before import = 0
Number of asset objects unloaded after import = 6
========================================================================
Received Import Request.
  Time since last request: 0.000014 seconds.
  path: Assets/TextMesh Pro/Examples & Extras/Resources/Fonts & Materials/LiberationSans SDF - Metalic Green.mat
  artifactKey: Guid(8b29aaa3eec7468097ff07adfcf29ac9) Importer(815301076,1909f56bfc062723c751e8b465ee728b)
Start importing Assets/TextMesh Pro/Examples & Extras/Resources/Fonts & Materials/LiberationSans SDF - Metalic Green.mat using Guid(8b29aaa3eec7468097ff07adfcf29ac9) Importer(815301076,1909f56bfc062723c751e8b465ee728b)  -> (artifact id: '9cb5c9642251047b108612623c123f28') in 0.065873 seconds
Number of updated asset objects reloaded before import = 0
Number of asset objects unloaded after import = 4
========================================================================
Received Import Request.
  Time since last request: 0.000019 seconds.
  path: Assets/TextMesh Pro/Examples & Extras/Resources/Fonts & Materials/LiberationSans SDF - Soft Mask.mat
  artifactKey: Guid(42df1c7856584b6b8db9a509b6b10074) Importer(815301076,1909f56bfc062723c751e8b465ee728b)
Start importing Assets/TextMesh Pro/Examples & Extras/Resources/Fonts & Materials/LiberationSans SDF - Soft Mask.mat using Guid(42df1c7856584b6b8db9a509b6b10074) Importer(815301076,1909f56bfc062723c751e8b465ee728b)  -> (artifact id: 'fcb91613a87da21c1210858a3def4313') in 0.020766 seconds
Number of updated asset objects reloaded before import = 0
Number of asset objects unloaded after import = 3
========================================================================
Received Import Request.
  Time since last request: 1.349413 seconds.
  path: Assets/Sounds/Weapons/CSGO_Weapons/weapons/xm1014_pump.wav
  artifactKey: Guid(3e96351006e77a74ea97bbefc6447e07) Importer(815301076,1909f56bfc062723c751e8b465ee728b)
Start importing Assets/Sounds/Weapons/CSGO_Weapons/weapons/xm1014_pump.wav using Guid(3e96351006e77a74ea97bbefc6447e07) Importer(815301076,1909f56bfc062723c751e8b465ee728b)  -> (artifact id: 'e8144742248cd3a047bf514a83212dd2') in 0.023372 seconds
Number of updated asset objects reloaded before import = 0
Number of asset objects unloaded after import = 2
========================================================================
Received Import Request.
  Time since last request: 0.000016 seconds.
  path: Assets/LowPoly Environment Pack/FBX/Materials/Yellow.3.mat
  artifactKey: Guid(62c01cd363116e4418505d6d72764b0d) Importer(815301076,1909f56bfc062723c751e8b465ee728b)
Start importing Assets/LowPoly Environment Pack/FBX/Materials/Yellow.3.mat using Guid(62c01cd363116e4418505d6d72764b0d) Importer(815301076,1909f56bfc062723c751e8b465ee728b)  -> (artifact id: '06a22a06f8f38a591caa0d7af53832f4') in 0.015583 seconds
Number of updated asset objects reloaded before import = 0
Number of asset objects unloaded after import = 1
========================================================================
Received Import Request.
  Time since last request: 0.013433 seconds.
  path: Assets/Sounds/Weapons/CSGO_Weapons/weapons/tec9_boltrelease.wav
  artifactKey: Guid(4aff6fe902f128a459d125ec6e9f1877) Importer(815301076,1909f56bfc062723c751e8b465ee728b)
Start importing Assets/Sounds/Weapons/CSGO_Weapons/weapons/tec9_boltrelease.wav using Guid(4aff6fe902f128a459d125ec6e9f1877) Importer(815301076,1909f56bfc062723c751e8b465ee728b)  -> (artifact id: '1441be39b4a089fbe98d0391d245b325') in 0.018086 seconds
Number of updated asset objects reloaded before import = 0
Number of asset objects unloaded after import = 2
========================================================================
Received Import Request.
  Time since last request: 0.000014 seconds.
  path: Assets/Sounds/Weapons/CSGO_Weapons/weapons/tec9_distant_01.wav
  artifactKey: Guid(55d5a92da84b26c4383a29b951008670) Importer(815301076,1909f56bfc062723c751e8b465ee728b)
Start importing Assets/Sounds/Weapons/CSGO_Weapons/weapons/tec9_distant_01.wav using Guid(55d5a92da84b26c4383a29b951008670) Importer(815301076,1909f56bfc062723c751e8b465ee728b)  -> (artifact id: '35f2a20e123c5078cecd2d5fa20f4e49') in 0.026613 seconds
Number of updated asset objects reloaded before import = 0
Number of asset objects unloaded after import = 2
========================================================================
Received Import Request.
  Time since last request: 0.003505 seconds.
  path: Assets/Models/Low Poly Weapons VOL.1/Models/Bennelli_M4.fbx
  artifactKey: Guid(bf2593fe0c804b84688e307cfb1ddfae) Importer(815301076,1909f56bfc062723c751e8b465ee728b)
Start importing Assets/Models/Low Poly Weapons VOL.1/Models/Bennelli_M4.fbx using Guid(bf2593fe0c804b84688e307cfb1ddfae) Importer(815301076,1909f56bfc062723c751e8b465ee728b)  -> (artifact id: 'e66d6b017cb38e978ab62759289ad53f') in 0.031011 seconds
Number of updated asset objects reloaded before import = 0
Number of asset objects unloaded after import = 19
========================================================================
Received Import Request.
  Time since last request: 0.003386 seconds.
  path: Assets/Sounds/Weapons/CSGO_Weapons/weapons/mp9_01.wav
  artifactKey: Guid(7d8ecc55bd44b44428cc7ad3e5f1f66b) Importer(815301076,1909f56bfc062723c751e8b465ee728b)
Start importing Assets/Sounds/Weapons/CSGO_Weapons/weapons/mp9_01.wav using Guid(7d8ecc55bd44b44428cc7ad3e5f1f66b) Importer(815301076,1909f56bfc062723c751e8b465ee728b)  -> (artifact id: '798438aec1bdb618d2ba754f88f4d243') in 0.027978 seconds
Number of updated asset objects reloaded before import = 0
Number of asset objects unloaded after import = 2
========================================================================
Received Import Request.
  Time since last request: 0.000137 seconds.
  path: Assets/Sounds/Weapons/CSGO_Weapons/weapons/mp9_boltback.wav
  artifactKey: Guid(b9fd0ca431833674b95698844d4631b1) Importer(815301076,1909f56bfc062723c751e8b465ee728b)
Start importing Assets/Sounds/Weapons/CSGO_Weapons/weapons/mp9_boltback.wav using Guid(b9fd0ca431833674b95698844d4631b1) Importer(815301076,1909f56bfc062723c751e8b465ee728b)  -> (artifact id: 'c6e11a2512bad00a9bd38d7af9900dec') in 0.020345 seconds
Number of updated asset objects reloaded before import = 0
Number of asset objects unloaded after import = 2
========================================================================
Received Import Request.
  Time since last request: 0.000016 seconds.
  path: Assets/Sounds/Weapons/CSGO_Weapons/weapons/mp9_02.wav
  artifactKey: Guid(ee7cab9f1d4c11c41b92d2b82bb4ec90) Importer(815301076,1909f56bfc062723c751e8b465ee728b)
Start importing Assets/Sounds/Weapons/CSGO_Weapons/weapons/mp9_02.wav using Guid(ee7cab9f1d4c11c41b92d2b82bb4ec90) Importer(815301076,1909f56bfc062723c751e8b465ee728b)  -> (artifact id: '6b63f3bc648dcbdd5ef7f47851378680') in 0.062116 seconds
Number of updated asset objects reloaded before import = 0
Number of asset objects unloaded after import = 2
========================================================================
Received Import Request.
  Time since last request: 0.000027 seconds.
  path: Assets/Sounds/Weapons/CSGO_Weapons/weapons/m4a1-1-distant.wav
  artifactKey: Guid(1d94bc0a5c9202a489ddd061c30e8133) Importer(815301076,1909f56bfc062723c751e8b465ee728b)
Start importing Assets/Sounds/Weapons/CSGO_Weapons/weapons/m4a1-1-distant.wav using Guid(1d94bc0a5c9202a489ddd061c30e8133) Importer(815301076,1909f56bfc062723c751e8b465ee728b)  -> (artifact id: '79f0f010feb01db848340ee924783060') in 0.065892 seconds
Number of updated asset objects reloaded before import = 0
Number of asset objects unloaded after import = 2
========================================================================
Received Import Request.
  Time since last request: 0.193304 seconds.
  path: Assets/Sounds/Weapons/CSGO_Weapons/weapons/legacy_ric_conc-1.wav
  artifactKey: Guid(02d4bf351a32d5a4385572f6df29845a) Importer(815301076,1909f56bfc062723c751e8b465ee728b)
Start importing Assets/Sounds/Weapons/CSGO_Weapons/weapons/legacy_ric_conc-1.wav using Guid(02d4bf351a32d5a4385572f6df29845a) Importer(815301076,1909f56bfc062723c751e8b465ee728b)  -> (artifact id: '4fba58a8040752dc31f8beab485987ce') in 0.030367 seconds
Number of updated asset objects reloaded before import = 0
Number of asset objects unloaded after import = 2
========================================================================
Received Import Request.
  Time since last request: 0.000020 seconds.
  path: Assets/Supercyan Character Pack Zombie Sample/Materials/Mobile/free_zombie_head_low.mat
  artifactKey: Guid(a8082d046318c0a4bb0162606364b597) Importer(815301076,1909f56bfc062723c751e8b465ee728b)
Start importing Assets/Supercyan Character Pack Zombie Sample/Materials/Mobile/free_zombie_head_low.mat using Guid(a8082d046318c0a4bb0162606364b597) Importer(815301076,1909f56bfc062723c751e8b465ee728b)  -> (artifact id: 'ea31f89bed0b48682e311a459fa2c1b8') in 0.023945 seconds
Number of updated asset objects reloaded before import = 0
Number of asset objects unloaded after import = 2
========================================================================
Received Import Request.
  Time since last request: 0.000035 seconds.
  path: Assets/TextMesh Pro/Examples & Extras/Fonts/Roboto-Bold.ttf
  artifactKey: Guid(4beb055f07aaff244873dec698d0363e) Importer(815301076,1909f56bfc062723c751e8b465ee728b)
Start importing Assets/TextMesh Pro/Examples & Extras/Fonts/Roboto-Bold.ttf using Guid(4beb055f07aaff244873dec698d0363e) Importer(815301076,1909f56bfc062723c751e8b465ee728b)  -> (artifact id: '0e28e0629d4babaecfb29c4b7ffde33f') in 0.023871 seconds
Number of updated asset objects reloaded before import = 0
Number of asset objects unloaded after import = 4
========================================================================
Received Import Request.
  Time since last request: 0.000014 seconds.
  path: Assets/Sounds/Weapons/CSGO_Weapons/weapons/c4_click.wav
  artifactKey: Guid(bef2a1c4395c719488f90d4b74a7b1cd) Importer(815301076,1909f56bfc062723c751e8b465ee728b)
Start importing Assets/Sounds/Weapons/CSGO_Weapons/weapons/c4_click.wav using Guid(bef2a1c4395c719488f90d4b74a7b1cd) Importer(815301076,1909f56bfc062723c751e8b465ee728b)  -> (artifact id: 'c082e9eb183932d4936aa4d771f77d16') in 0.057783 seconds
Number of updated asset objects reloaded before import = 0
Number of asset objects unloaded after import = 2
========================================================================
Received Import Request.
  Time since last request: 0.000044 seconds.
  path: Assets/Sounds/Weapons/CSGO_Weapons/weapons/c4_exp_deb1.wav
  artifactKey: Guid(71091f44e8a700a4c930a4855a3467bc) Importer(815301076,1909f56bfc062723c751e8b465ee728b)
Start importing Assets/Sounds/Weapons/CSGO_Weapons/weapons/c4_exp_deb1.wav using Guid(71091f44e8a700a4c930a4855a3467bc) Importer(815301076,1909f56bfc062723c751e8b465ee728b)  -> (artifact id: 'e679dc449aa7b77202e29e11ec723037') in 0.081226 seconds
Number of updated asset objects reloaded before import = 0
Number of asset objects unloaded after import = 2
========================================================================
Received Import Request.
  Time since last request: 0.000207 seconds.
  path: Assets/Sounds/Weapons/CSGO_Weapons/weapons/c4_disarmfinish.wav
  artifactKey: Guid(85fe9f6a4d517754fb167416fdecb660) Importer(815301076,1909f56bfc062723c751e8b465ee728b)
Start importing Assets/Sounds/Weapons/CSGO_Weapons/weapons/c4_disarmfinish.wav using Guid(85fe9f6a4d517754fb167416fdecb660) Importer(815301076,1909f56bfc062723c751e8b465ee728b)  -> (artifact id: '064e8fcb47b9a1c5681d7ece020aaf76') in 0.055056 seconds
Number of updated asset objects reloaded before import = 0
Number of asset objects unloaded after import = 2
========================================================================
Received Import Request.
  Time since last request: 0.000015 seconds.
  path: Assets/Sounds/Weapons/CSGO_Weapons/weapons/c4_disarmstart.wav
  artifactKey: Guid(3bb8feaffab1e3d459eef79ff8337c7c) Importer(815301076,1909f56bfc062723c751e8b465ee728b)
Start importing Assets/Sounds/Weapons/CSGO_Weapons/weapons/c4_disarmstart.wav using Guid(3bb8feaffab1e3d459eef79ff8337c7c) Importer(815301076,1909f56bfc062723c751e8b465ee728b)  -> (artifact id: 'ddec2f7f650cd317a86fd20d8c5a320d') in 0.028526 seconds
Number of updated asset objects reloaded before import = 0
Number of asset objects unloaded after import = 2
Editor requested this worker to shutdown with reason: Scaling down because of idle timeout
TcpMessagingSession - receive error: operation aborted. errorcode: 995, details: La operación de E/S se anuló por una salida de subproceso o por una solicitud de aplicación.
AssetImportWorker is now disconnected from the server
Process exiting
Exiting without the bug reporter. Application will terminate with return code 0