Using pre-set license
Built from '2022.3/staging' branch; Version is '2022.3.22f1 (887be4894c44) revision 8944612'; Using compiler version '192829333'; Build Type 'Release'
OS: 'Windows 11  (10.0.22631) 64bit Professional' Language: 'es' Physical Memory: 32632 MB
BatchMode: 1, IsHumanControllingUs: 0, StartBugReporterOnCrash: 0, Is64bit: 1, IsPro: 1

COMMAND LINE ARGUMENTS:
C:\Program Files\Unity\Hub\Editor\2022.3.22f1\Editor\Unity.exe
-adb2
-batchMode
-noUpm
-name
AssetImportWorker2
-projectPath
C:/Users/Gavil/Desktop/StandardUtils
-logFile
Logs/AssetImportWorker2.log
-srvPort
52988
Successfully changed project path to: C:/Users/Gavil/Desktop/StandardUtils
C:/Users/Gavil/Desktop/StandardUtils
[UnityMemory] Configuration Parameters - Can be set up in boot.config
    "memorysetup-bucket-allocator-granularity=16"
    "memorysetup-bucket-allocator-bucket-count=8"
    "memorysetup-bucket-allocator-block-size=33554432"
    "memorysetup-bucket-allocator-block-count=8"
    "memorysetup-main-allocator-block-size=16777216"
    "memorysetup-thread-allocator-block-size=16777216"
    "memorysetup-gfx-main-allocator-block-size=16777216"
    "memorysetup-gfx-thread-allocator-block-size=16777216"
    "memorysetup-cache-allocator-block-size=4194304"
    "memorysetup-typetree-allocator-block-size=2097152"
    "memorysetup-profiler-bucket-allocator-granularity=16"
    "memorysetup-profiler-bucket-allocator-bucket-count=8"
    "memorysetup-profiler-bucket-allocator-block-size=33554432"
    "memorysetup-profiler-bucket-allocator-block-count=8"
    "memorysetup-profiler-allocator-block-size=16777216"
    "memorysetup-profiler-editor-allocator-block-size=1048576"
    "memorysetup-temp-allocator-size-main=16777216"
    "memorysetup-job-temp-allocator-block-size=2097152"
    "memorysetup-job-temp-allocator-block-size-background=1048576"
    "memorysetup-job-temp-allocator-reduction-small-platforms=262144"
    "memorysetup-allocator-temp-initial-block-size-main=262144"
    "memorysetup-allocator-temp-initial-block-size-worker=262144"
    "memorysetup-temp-allocator-size-background-worker=32768"
    "memorysetup-temp-allocator-size-job-worker=262144"
    "memorysetup-temp-allocator-size-preload-manager=33554432"
    "memorysetup-temp-allocator-size-nav-mesh-worker=65536"
    "memorysetup-temp-allocator-size-audio-worker=65536"
    "memorysetup-temp-allocator-size-cloud-worker=32768"
    "memorysetup-temp-allocator-size-gi-baking-worker=262144"
    "memorysetup-temp-allocator-size-gfx=262144"
Player connection [26384] Host "[IP] 192.168.3.66 [Port] 0 [Flags] 2 [Guid] 1830103569 [EditorId] 1830103569 [Version] 1048832 [Id] WindowsEditor(7,DESKTOP-4BL2MB9) [Debug] 1 [PackageName] WindowsEditor [ProjectName] Editor" joined multi-casting on [225.0.0.222:54997]...

Player connection [26384] Host "[IP] 192.168.3.66 [Port] 0 [Flags] 2 [Guid] 1830103569 [EditorId] 1830103569 [Version] 1048832 [Id] WindowsEditor(7,DESKTOP-4BL2MB9) [Debug] 1 [PackageName] WindowsEditor [ProjectName] Editor" joined alternative multi-casting on [225.0.0.222:34997]...

[Physics::Module] Initialized MultithreadedJobDispatcher with 15 workers.
Refreshing native plugins compatible for Editor in 6.91 ms, found 2 plugins.
Preloading 0 native plugins for Editor in 0.00 ms.
Initialize engine version: 2022.3.22f1 (887be4894c44)
[Subsystems] Discovering subsystems at path C:/Program Files/Unity/Hub/Editor/2022.3.22f1/Editor/Data/Resources/UnitySubsystems
[Subsystems] Discovering subsystems at path C:/Users/Gavil/Desktop/StandardUtils/Assets
GfxDevice: creating device client; threaded=0; jobified=0
Direct3D:
    Version:  Direct3D 11.0 [level 11.1]
    Renderer: NVIDIA GeForce RTX 3070 (ID=0x2484)
    Vendor:   NVIDIA
    VRAM:     8018 MB
    Driver:   31.0.15.5244
Initialize mono
Mono path[0] = 'C:/Program Files/Unity/Hub/Editor/2022.3.22f1/Editor/Data/Managed'
Mono path[1] = 'C:/Program Files/Unity/Hub/Editor/2022.3.22f1/Editor/Data/MonoBleedingEdge/lib/mono/unityjit-win32'
Mono config path = 'C:/Program Files/Unity/Hub/Editor/2022.3.22f1/Editor/Data/MonoBleedingEdge/etc'
Using monoOptions --debugger-agent=transport=dt_socket,embedding=1,server=y,suspend=n,address=127.0.0.1:56592
Begin MonoManager ReloadAssembly
Registering precompiled unity dll's ...
Register platform support module: C:/Program Files/Unity/Hub/Editor/2022.3.22f1/Editor/Data/PlaybackEngines/AndroidPlayer/UnityEditor.Android.Extensions.dll
Register platform support module: C:/Program Files/Unity/Hub/Editor/2022.3.22f1/Editor/Data/PlaybackEngines/WindowsStandaloneSupport/UnityEditor.WindowsStandalone.Extensions.dll
Registered in 0.009304 seconds.
- Loaded All Assemblies, in  0.513 seconds
Native extension for WindowsStandalone target not found
Native extension for Android target not found
Android Extension - Scanning For ADB Devices 432 ms
Mono: successfully reloaded assembly
- Finished resetting the current domain, in  0.774 seconds
Domain Reload Profiling: 1284ms
	BeginReloadAssembly (179ms)
		ExecutionOrderSort (0ms)
		DisableScriptedObjects (0ms)
		BackupInstance (0ms)
		ReleaseScriptingObjects (0ms)
		CreateAndSetChildDomain (1ms)
	RebuildCommonClasses (48ms)
	RebuildNativeTypeToScriptingClass (9ms)
	initialDomainReloadingComplete (65ms)
	LoadAllAssembliesAndSetupDomain (207ms)
		LoadAssemblies (179ms)
		RebuildTransferFunctionScriptingTraits (0ms)
		AnalyzeDomain (201ms)
			TypeCache.Refresh (200ms)
				TypeCache.ScanAssembly (180ms)
			ScanForSourceGeneratedMonoScriptInfo (0ms)
			ResolveRequiredComponents (0ms)
	FinalizeReload (775ms)
		ReleaseScriptCaches (0ms)
		RebuildScriptCaches (0ms)
		SetupLoadedEditorAssemblies (720ms)
			LogAssemblyErrors (0ms)
			InitializePlatformSupportModulesInManaged (542ms)
			SetLoadedEditorAssemblies (3ms)
			RefreshPlugins (0ms)
			BeforeProcessingInitializeOnLoad (2ms)
			ProcessInitializeOnLoadAttributes (108ms)
			ProcessInitializeOnLoadMethodAttributes (65ms)
			AfterProcessingInitializeOnLoad (0ms)
			EditorAssembliesLoaded (0ms)
		ExecutionOrderSort2 (0ms)
		AwakeInstancesAfterBackupRestoration (0ms)
========================================================================
Worker process is ready to serve import requests
Begin MonoManager ReloadAssembly
- Loaded All Assemblies, in  0.541 seconds
Refreshing native plugins compatible for Editor in 2.72 ms, found 2 plugins.
Native extension for WindowsStandalone target not found
Native extension for Android target not found
Package Manager log level set to [2]
[Package Manager] Server::EnsureServerProcessIsRunning -- launch failed, reason: Unity was launched with the -noUpm command-line argument
[Package Manager] UpmClient::Send -- Unable to send message (not connected to UPM process).
[Package Manager] Cannot connect to Unity Package Manager local server
Mono: successfully reloaded assembly
- Finished resetting the current domain, in  0.503 seconds
Domain Reload Profiling: 1041ms
	BeginReloadAssembly (166ms)
		ExecutionOrderSort (0ms)
		DisableScriptedObjects (4ms)
		BackupInstance (0ms)
		ReleaseScriptingObjects (0ms)
		CreateAndSetChildDomain (26ms)
	RebuildCommonClasses (34ms)
	RebuildNativeTypeToScriptingClass (9ms)
	initialDomainReloadingComplete (38ms)
	LoadAllAssembliesAndSetupDomain (290ms)
		LoadAssemblies (306ms)
		RebuildTransferFunctionScriptingTraits (0ms)
		AnalyzeDomain (82ms)
			TypeCache.Refresh (73ms)
				TypeCache.ScanAssembly (60ms)
			ScanForSourceGeneratedMonoScriptInfo (6ms)
			ResolveRequiredComponents (2ms)
	FinalizeReload (504ms)
		ReleaseScriptCaches (0ms)
		RebuildScriptCaches (0ms)
		SetupLoadedEditorAssemblies (352ms)
			LogAssemblyErrors (0ms)
			InitializePlatformSupportModulesInManaged (23ms)
			SetLoadedEditorAssemblies (3ms)
			RefreshPlugins (0ms)
			BeforeProcessingInitializeOnLoad (45ms)
			ProcessInitializeOnLoadAttributes (251ms)
			ProcessInitializeOnLoadMethodAttributes (17ms)
			AfterProcessingInitializeOnLoad (13ms)
			EditorAssembliesLoaded (0ms)
		ExecutionOrderSort2 (0ms)
		AwakeInstancesAfterBackupRestoration (19ms)
Launched and connected shader compiler UnityShaderCompiler.exe after 0.10 seconds
Refreshing native plugins compatible for Editor in 4.27 ms, found 2 plugins.
Preloading 0 native plugins for Editor in 0.00 ms.
Unloading 1428 Unused Serialized files (Serialized files now loaded: 0)
Unloading 22 unused Assets / (57.1 KB). Loaded Objects now: 1914.
Memory consumption went from 99.4 MB to 99.3 MB.
Total: 5.829100 ms (FindLiveObjects: 0.597600 ms CreateObjectMapping: 0.132600 ms MarkObjects: 4.885600 ms  DeleteObjects: 0.210900 ms)

AssetImportParameters requested are different than current active one (requested -> active):
  custom:video-encoder-webm-vp8: eb34c28f22e8b96e1ab97ce403110664 -> 
  custom:video-decoder-webm-vp8: 9c59270c3fd7afecdb556c50c9e8de78 -> 
  custom:audio-decoder-ogg-vorbis: bf7c407c2cedff20999df2af8eb42d56 -> 
  custom:SearchIndexIgnoredProperties: e643bd26f0fe6173181afceb89e7c659 -> 
  custom:container-demuxer-ogg: 62fdf1f143b41e24485cea50d1cbac27 -> 
  custom:AudioImporter_EditorPlatform: d09bf68614088b80899f8185d706f6e7 -> 
  custom:CustomObjectIndexerAttribute: 9a22284fe3817be447336de3de66b15e -> 
  custom:container-demuxer-webm: 4f35f7cbe854078d1ac9338744f61a02 -> 
  custom:video-codec-MediaFoundation-h265: 746d11721c4dcdbdad8f713fa42b33f4 -> 
  custom:video-decoder-ogg-theora: a1e56fd34408186e4bbccfd4996cb3dc -> 
  custom:audio-encoder-webm-vorbis: bf7c407c2cedff20999df2af8eb42d56 -> 
  custom:framework-win-MediaFoundation: 216162199b28c13a410421893ffa2e32 -> 
  custom:container-muxer-webm: aa71ff27fc2769a1b78a27578f13a17b -> 
========================================================================
Received Import Request.
  Time since last request: 17424.642802 seconds.
  path: Assets/LowPolyFPSLite/Prefabs
  artifactKey: Guid(c2caba8894c117541b4472d178e5ab1d) Importer(815301076,1909f56bfc062723c751e8b465ee728b)
Start importing Assets/LowPolyFPSLite/Prefabs using Guid(c2caba8894c117541b4472d178e5ab1d) Importer(815301076,1909f56bfc062723c751e8b465ee728b)  -> (artifact id: '81cdfbb44a0a77425723db5f20bbc792') in 0.003008 seconds
Number of updated asset objects reloaded before import = 0
Number of asset objects unloaded after import = 0
========================================================================
Received Import Request.
  Time since last request: 0.069767 seconds.
  path: Assets/LowPolyFPSLite/Prefabs/Box_01.prefab
  artifactKey: Guid(ad36c3d044d312e44a986a07f2c7f0b2) Importer(815301076,1909f56bfc062723c751e8b465ee728b)
Start importing Assets/LowPolyFPSLite/Prefabs/Box_01.prefab using Guid(ad36c3d044d312e44a986a07f2c7f0b2) Importer(815301076,1909f56bfc062723c751e8b465ee728b)  -> (artifact id: 'f87284c22092a169d05dc92c0ac6bb29') in 0.099956 seconds
Number of updated asset objects reloaded before import = 0
Number of asset objects unloaded after import = 10
========================================================================
Received Prepare
Begin MonoManager ReloadAssembly
- Loaded All Assemblies, in  0.597 seconds
Refreshing native plugins compatible for Editor in 3.75 ms, found 2 plugins.
Native extension for WindowsStandalone target not found
Native extension for Android target not found
[Package Manager] Server::EnsureServerProcessIsRunning -- launch failed, reason: Unity was launched with the -noUpm command-line argument
[Package Manager] UpmClient::Send -- Unable to send message (not connected to UPM process).
[Package Manager] Cannot connect to Unity Package Manager local server
Mono: successfully reloaded assembly
- Finished resetting the current domain, in  0.787 seconds
Domain Reload Profiling: 1375ms
	BeginReloadAssembly (328ms)
		ExecutionOrderSort (0ms)
		DisableScriptedObjects (6ms)
		BackupInstance (0ms)
		ReleaseScriptingObjects (0ms)
		CreateAndSetChildDomain (41ms)
	RebuildCommonClasses (41ms)
	RebuildNativeTypeToScriptingClass (10ms)
	initialDomainReloadingComplete (38ms)
	LoadAllAssembliesAndSetupDomain (170ms)
		LoadAssemblies (251ms)
		RebuildTransferFunctionScriptingTraits (0ms)
		AnalyzeDomain (12ms)
			TypeCache.Refresh (7ms)
				TypeCache.ScanAssembly (0ms)
			ScanForSourceGeneratedMonoScriptInfo (0ms)
			ResolveRequiredComponents (4ms)
	FinalizeReload (788ms)
		ReleaseScriptCaches (0ms)
		RebuildScriptCaches (0ms)
		SetupLoadedEditorAssemblies (347ms)
			LogAssemblyErrors (0ms)
			InitializePlatformSupportModulesInManaged (26ms)
			SetLoadedEditorAssemblies (2ms)
			RefreshPlugins (0ms)
			BeforeProcessingInitializeOnLoad (42ms)
			ProcessInitializeOnLoadAttributes (243ms)
			ProcessInitializeOnLoadMethodAttributes (21ms)
			AfterProcessingInitializeOnLoad (12ms)
			EditorAssembliesLoaded (0ms)
		ExecutionOrderSort2 (0ms)
		AwakeInstancesAfterBackupRestoration (13ms)
Refreshing native plugins compatible for Editor in 4.45 ms, found 2 plugins.
Preloading 0 native plugins for Editor in 0.00 ms.
Unloading 1421 Unused Serialized files (Serialized files now loaded: 0)
Unloading 17 unused Assets / (28.2 KB). Loaded Objects now: 1924.
Memory consumption went from 99.8 MB to 99.7 MB.
Total: 6.116000 ms (FindLiveObjects: 0.221000 ms CreateObjectMapping: 0.196400 ms MarkObjects: 5.624000 ms  DeleteObjects: 0.071800 ms)

Prepare: number of updated asset objects reloaded= 0
AssetImportParameters requested are different than current active one (requested -> active):
  custom:video-encoder-webm-vp8: eb34c28f22e8b96e1ab97ce403110664 -> 
  custom:video-decoder-webm-vp8: 9c59270c3fd7afecdb556c50c9e8de78 -> 
  custom:audio-decoder-ogg-vorbis: bf7c407c2cedff20999df2af8eb42d56 -> 
  custom:SearchIndexIgnoredProperties: e643bd26f0fe6173181afceb89e7c659 -> 
  custom:container-demuxer-ogg: 62fdf1f143b41e24485cea50d1cbac27 -> 
  custom:AudioImporter_EditorPlatform: d09bf68614088b80899f8185d706f6e7 -> 
  custom:CustomObjectIndexerAttribute: 9a22284fe3817be447336de3de66b15e -> 
  custom:container-demuxer-webm: 4f35f7cbe854078d1ac9338744f61a02 -> 
  custom:video-codec-MediaFoundation-h265: 746d11721c4dcdbdad8f713fa42b33f4 -> 
  custom:video-decoder-ogg-theora: a1e56fd34408186e4bbccfd4996cb3dc -> 
  custom:audio-encoder-webm-vorbis: bf7c407c2cedff20999df2af8eb42d56 -> 
  custom:framework-win-MediaFoundation: 216162199b28c13a410421893ffa2e32 -> 
  custom:container-muxer-webm: aa71ff27fc2769a1b78a27578f13a17b -> 
========================================================================
Received Import Request.
  Time since last request: 46.515795 seconds.
  path: Assets/FirstPersonController
  artifactKey: Guid(0b97e8884e6dc3749b97c98de283d763) Importer(815301076,1909f56bfc062723c751e8b465ee728b)
Start importing Assets/FirstPersonController using Guid(0b97e8884e6dc3749b97c98de283d763) Importer(815301076,1909f56bfc062723c751e8b465ee728b)  -> (artifact id: '5c940f7cc36e14a4e1e16c8175961a94') in 0.003068 seconds
Number of updated asset objects reloaded before import = 0
Number of asset objects unloaded after import = 0
========================================================================
Received Import Request.
  Time since last request: 3.173863 seconds.
  path: Assets/Scenes
  artifactKey: Guid(fa1b2f89a134ec841b2687fceb67d2ab) Importer(815301076,1909f56bfc062723c751e8b465ee728b)
Start importing Assets/Scenes using Guid(fa1b2f89a134ec841b2687fceb67d2ab) Importer(815301076,1909f56bfc062723c751e8b465ee728b)  -> (artifact id: '5d5913bb300a331776b5d4fc303fff59') in 0.000634 seconds
Number of updated asset objects reloaded before import = 0
Number of asset objects unloaded after import = 0
========================================================================
Received Import Request.
  Time since last request: 0.814303 seconds.
  path: Assets/Scenes/FPS_scene.unity
  artifactKey: Guid(a6a6ddeaa77e19440b6c859302b2e779) Importer(815301076,1909f56bfc062723c751e8b465ee728b)
Start importing Assets/Scenes/FPS_scene.unity using Guid(a6a6ddeaa77e19440b6c859302b2e779) Importer(815301076,1909f56bfc062723c751e8b465ee728b)  -> (artifact id: 'b19d1a12d92867f8b0fd4740e5a34ff0') in 0.000670 seconds
Number of updated asset objects reloaded before import = 0
Number of asset objects unloaded after import = 0
========================================================================
Received Import Request.
  Time since last request: 0.329320 seconds.
  path: Assets/Scenes/SampleScene.unity
  artifactKey: Guid(9fc0d4010bbf28b4594072e72b8655ab) Importer(815301076,1909f56bfc062723c751e8b465ee728b)
Start importing Assets/Scenes/SampleScene.unity using Guid(9fc0d4010bbf28b4594072e72b8655ab) Importer(815301076,1909f56bfc062723c751e8b465ee728b)  -> (artifact id: 'ba6b724b631f737af6ec94313f119687') in 0.000674 seconds
Number of updated asset objects reloaded before import = 0
Number of asset objects unloaded after import = 0
========================================================================
Received Import Request.
  Time since last request: 76.340861 seconds.
  path: Assets/FirstPersonController/Scripts
  artifactKey: Guid(2b6647cd35bbbfa4e981d6ba2ace16a1) Importer(815301076,1909f56bfc062723c751e8b465ee728b)
Start importing Assets/FirstPersonController/Scripts using Guid(2b6647cd35bbbfa4e981d6ba2ace16a1) Importer(815301076,1909f56bfc062723c751e8b465ee728b)  -> (artifact id: 'ed6958461f3737521a8f9f62ac28b907') in 0.000771 seconds
Number of updated asset objects reloaded before import = 0
Number of asset objects unloaded after import = 0
========================================================================
Received Import Request.
  Time since last request: 0.964777 seconds.
  path: Assets/FirstPersonController/Scripts/Button.cs
  artifactKey: Guid(dbf0b96c469db454d9bccf8b2dc1144f) Importer(815301076,1909f56bfc062723c751e8b465ee728b)
Start importing Assets/FirstPersonController/Scripts/Button.cs using Guid(dbf0b96c469db454d9bccf8b2dc1144f) Importer(815301076,1909f56bfc062723c751e8b465ee728b)  -> (artifact id: 'f3c3dd0c626bc0912339605090e5d2af') in 0.000771 seconds
Number of updated asset objects reloaded before import = 0
Number of asset objects unloaded after import = 0
========================================================================
Received Import Request.
  Time since last request: 0.473437 seconds.
  path: Assets/FirstPersonController/Scripts/Bullet.cs
  artifactKey: Guid(96431b3541b5b1347b9abd15cfb3778f) Importer(815301076,1909f56bfc062723c751e8b465ee728b)
Start importing Assets/FirstPersonController/Scripts/Bullet.cs using Guid(96431b3541b5b1347b9abd15cfb3778f) Importer(815301076,1909f56bfc062723c751e8b465ee728b)  -> (artifact id: '0dab94bcbe0bc512d39dcf50c9dc4c7c') in 0.000734 seconds
Number of updated asset objects reloaded before import = 0
Number of asset objects unloaded after import = 0
========================================================================
Received Import Request.
  Time since last request: 42.203839 seconds.
  path: Assets/LowPolyFPSLite/Textures
  artifactKey: Guid(7661e8365633dd54f89b90ee9a911ce9) Importer(815301076,1909f56bfc062723c751e8b465ee728b)
Start importing Assets/LowPolyFPSLite/Textures using Guid(7661e8365633dd54f89b90ee9a911ce9) Importer(815301076,1909f56bfc062723c751e8b465ee728b)  -> (artifact id: '91e3e74f2d9a446260075a666e1654b7') in 0.000909 seconds
Number of updated asset objects reloaded before import = 0
Number of asset objects unloaded after import = 0
========================================================================
Received Prepare
Begin MonoManager ReloadAssembly
- Loaded All Assemblies, in  0.558 seconds
Refreshing native plugins compatible for Editor in 3.65 ms, found 2 plugins.
Native extension for WindowsStandalone target not found
Native extension for Android target not found
[Package Manager] Server::EnsureServerProcessIsRunning -- launch failed, reason: Unity was launched with the -noUpm command-line argument
[Package Manager] UpmClient::Send -- Unable to send message (not connected to UPM process).
[Package Manager] Cannot connect to Unity Package Manager local server
Mono: successfully reloaded assembly
- Finished resetting the current domain, in  0.779 seconds
Domain Reload Profiling: 1333ms
	BeginReloadAssembly (298ms)
		ExecutionOrderSort (0ms)
		DisableScriptedObjects (6ms)
		BackupInstance (0ms)
		ReleaseScriptingObjects (0ms)
		CreateAndSetChildDomain (34ms)
	RebuildCommonClasses (33ms)
	RebuildNativeTypeToScriptingClass (11ms)
	initialDomainReloadingComplete (33ms)
	LoadAllAssembliesAndSetupDomain (179ms)
		LoadAssemblies (242ms)
		RebuildTransferFunctionScriptingTraits (0ms)
		AnalyzeDomain (15ms)
			TypeCache.Refresh (10ms)
				TypeCache.ScanAssembly (0ms)
			ScanForSourceGeneratedMonoScriptInfo (0ms)
			ResolveRequiredComponents (4ms)
	FinalizeReload (780ms)
		ReleaseScriptCaches (0ms)
		RebuildScriptCaches (0ms)
		SetupLoadedEditorAssemblies (374ms)
			LogAssemblyErrors (0ms)
			InitializePlatformSupportModulesInManaged (30ms)
			SetLoadedEditorAssemblies (3ms)
			RefreshPlugins (0ms)
			BeforeProcessingInitializeOnLoad (56ms)
			ProcessInitializeOnLoadAttributes (248ms)
			ProcessInitializeOnLoadMethodAttributes (25ms)
			AfterProcessingInitializeOnLoad (12ms)
			EditorAssembliesLoaded (0ms)
		ExecutionOrderSort2 (0ms)
		AwakeInstancesAfterBackupRestoration (13ms)
Refreshing native plugins compatible for Editor in 4.63 ms, found 2 plugins.
Preloading 0 native plugins for Editor in 0.00 ms.
Unloading 1421 Unused Serialized files (Serialized files now loaded: 0)
Unloading 17 unused Assets / (28.0 KB). Loaded Objects now: 1927.
Memory consumption went from 101.7 MB to 101.7 MB.
Total: 3.552200 ms (FindLiveObjects: 0.174700 ms CreateObjectMapping: 0.098800 ms MarkObjects: 3.212800 ms  DeleteObjects: 0.064600 ms)

Prepare: number of updated asset objects reloaded= 0
AssetImportParameters requested are different than current active one (requested -> active):
  custom:video-encoder-webm-vp8: eb34c28f22e8b96e1ab97ce403110664 -> 
  custom:video-decoder-webm-vp8: 9c59270c3fd7afecdb556c50c9e8de78 -> 
  custom:audio-decoder-ogg-vorbis: bf7c407c2cedff20999df2af8eb42d56 -> 
  custom:SearchIndexIgnoredProperties: e643bd26f0fe6173181afceb89e7c659 -> 
  custom:container-demuxer-ogg: 62fdf1f143b41e24485cea50d1cbac27 -> 
  custom:AudioImporter_EditorPlatform: d09bf68614088b80899f8185d706f6e7 -> 
  custom:CustomObjectIndexerAttribute: 9a22284fe3817be447336de3de66b15e -> 
  custom:container-demuxer-webm: 4f35f7cbe854078d1ac9338744f61a02 -> 
  custom:video-codec-MediaFoundation-h265: 746d11721c4dcdbdad8f713fa42b33f4 -> 
  custom:video-decoder-ogg-theora: a1e56fd34408186e4bbccfd4996cb3dc -> 
  custom:audio-encoder-webm-vorbis: bf7c407c2cedff20999df2af8eb42d56 -> 
  custom:framework-win-MediaFoundation: 216162199b28c13a410421893ffa2e32 -> 
  custom:container-muxer-webm: aa71ff27fc2769a1b78a27578f13a17b -> 
========================================================================
Received Import Request.
  Time since last request: 84.949098 seconds.
  path: Assets/Sounds
  artifactKey: Guid(f7ec7ea769ea7b9488ee0a3e0a57b205) Importer(815301076,1909f56bfc062723c751e8b465ee728b)
Start importing Assets/Sounds using Guid(f7ec7ea769ea7b9488ee0a3e0a57b205) Importer(815301076,1909f56bfc062723c751e8b465ee728b)  -> (artifact id: 'af196a75ea6ca0e5204e8680b78b9297') in 0.004026 seconds
Number of updated asset objects reloaded before import = 0
Number of asset objects unloaded after import = 0
========================================================================
Received Import Request.
  Time since last request: 8.087699 seconds.
  path: Assets/Sprites
  artifactKey: Guid(50c6e520b41f6c34aaa2c69ebd847b42) Importer(815301076,1909f56bfc062723c751e8b465ee728b)
Start importing Assets/Sprites using Guid(50c6e520b41f6c34aaa2c69ebd847b42) Importer(815301076,1909f56bfc062723c751e8b465ee728b)  -> (artifact id: '59117710d39bd4cbe487e1cc29dc531e') in 0.003956 seconds
Number of updated asset objects reloaded before import = 0
Number of asset objects unloaded after import = 0
========================================================================
Received Import Request.
  Time since last request: 8.625170 seconds.
  path: Assets/Materials
  artifactKey: Guid(342c0a18375d25046bce44e8e65a4162) Importer(815301076,1909f56bfc062723c751e8b465ee728b)
Start importing Assets/Materials using Guid(342c0a18375d25046bce44e8e65a4162) Importer(815301076,1909f56bfc062723c751e8b465ee728b)  -> (artifact id: '3efed99f9d32fed286b2ebf299b29b1a') in 0.000985 seconds
Number of updated asset objects reloaded before import = 0
Number of asset objects unloaded after import = 0
========================================================================
Received Import Request.
  Time since last request: 0.064713 seconds.
  path: Assets/Materials/Button.mat
  artifactKey: Guid(17429ace6e1844f42831350619c2f349) Importer(815301076,1909f56bfc062723c751e8b465ee728b)
Start importing Assets/Materials/Button.mat using Guid(17429ace6e1844f42831350619c2f349) Importer(815301076,1909f56bfc062723c751e8b465ee728b)  -> (artifact id: '3ec24600f227b5030a0a6e6231a5c8b7') in 0.077963 seconds
Number of updated asset objects reloaded before import = 0
Number of asset objects unloaded after import = 1
========================================================================
Received Import Request.
  Time since last request: 4.419928 seconds.
  path: Assets/Animations
  artifactKey: Guid(d0e7ed82cee7cc74f91d9ef54ae1df1e) Importer(815301076,1909f56bfc062723c751e8b465ee728b)
Start importing Assets/Animations using Guid(d0e7ed82cee7cc74f91d9ef54ae1df1e) Importer(815301076,1909f56bfc062723c751e8b465ee728b)  -> (artifact id: '5a771197ad982f4dcc1f1419acee93c5') in 0.000653 seconds
Number of updated asset objects reloaded before import = 0
Number of asset objects unloaded after import = 0
========================================================================
Received Import Request.
  Time since last request: 0.518137 seconds.
  path: Assets/Animations/Animators
  artifactKey: Guid(45f8ad6fdfea1d64cb9565389be89a45) Importer(815301076,1909f56bfc062723c751e8b465ee728b)
Start importing Assets/Animations/Animators using Guid(45f8ad6fdfea1d64cb9565389be89a45) Importer(815301076,1909f56bfc062723c751e8b465ee728b)  -> (artifact id: 'a9069eedef8eedb7080cdfb9e821f971') in 0.001240 seconds
Number of updated asset objects reloaded before import = 0
Number of asset objects unloaded after import = 0
========================================================================
Received Import Request.
  Time since last request: 0.971488 seconds.
  path: Assets/Animations/Animators/Enemy_AC.controller
  artifactKey: Guid(2f55172ee8899b44c89e84ef15803a74) Importer(815301076,1909f56bfc062723c751e8b465ee728b)
Start importing Assets/Animations/Animators/Enemy_AC.controller using Guid(2f55172ee8899b44c89e84ef15803a74) Importer(815301076,1909f56bfc062723c751e8b465ee728b)  -> (artifact id: '748a5cf46f956da1703c4453aa87a622') in 0.003755 seconds
Number of updated asset objects reloaded before import = 0
Number of asset objects unloaded after import = 6
========================================================================
Received Import Request.
  Time since last request: 6.312363 seconds.
  path: Assets/FirstPersonController/Animations
  artifactKey: Guid(78ebd1e2f368eab4ab6a7c0769b571ed) Importer(815301076,1909f56bfc062723c751e8b465ee728b)
Start importing Assets/FirstPersonController/Animations using Guid(78ebd1e2f368eab4ab6a7c0769b571ed) Importer(815301076,1909f56bfc062723c751e8b465ee728b)  -> (artifact id: 'b47a14d5b0d396377f19f61a53e6c27c') in 0.000706 seconds
Number of updated asset objects reloaded before import = 0
Number of asset objects unloaded after import = 0
========================================================================
Received Import Request.
  Time since last request: 0.530976 seconds.
  path: Assets/FirstPersonController/Animations/Usables
  artifactKey: Guid(b98c86a1081d2bf4eba77f259fbe6beb) Importer(815301076,1909f56bfc062723c751e8b465ee728b)
Start importing Assets/FirstPersonController/Animations/Usables using Guid(b98c86a1081d2bf4eba77f259fbe6beb) Importer(815301076,1909f56bfc062723c751e8b465ee728b)  -> (artifact id: 'c0fc2976722f3427e29bdf1adf872d0e') in 0.000959 seconds
Number of updated asset objects reloaded before import = 0
Number of asset objects unloaded after import = 0
========================================================================
Received Import Request.
  Time since last request: 0.671623 seconds.
  path: Assets/FirstPersonController/Animations/Weapons
  artifactKey: Guid(ab643a16b700a1944adeb4aca0c59e78) Importer(815301076,1909f56bfc062723c751e8b465ee728b)
Start importing Assets/FirstPersonController/Animations/Weapons using Guid(ab643a16b700a1944adeb4aca0c59e78) Importer(815301076,1909f56bfc062723c751e8b465ee728b)  -> (artifact id: '0371097e3085d7a6d2457f729f0cf0d3') in 0.000610 seconds
Number of updated asset objects reloaded before import = 0
Number of asset objects unloaded after import = 0
========================================================================
Received Import Request.
  Time since last request: 1.830250 seconds.
  path: Assets/FirstPersonController/Animations/Weapons/UZI
  artifactKey: Guid(54953068481a414459e8f413b0dcb3dc) Importer(815301076,1909f56bfc062723c751e8b465ee728b)
Start importing Assets/FirstPersonController/Animations/Weapons/UZI using Guid(54953068481a414459e8f413b0dcb3dc) Importer(815301076,1909f56bfc062723c751e8b465ee728b)  -> (artifact id: '6d213714510cb3fa5b828a31fce1d69d') in 0.000636 seconds
Number of updated asset objects reloaded before import = 0
Number of asset objects unloaded after import = 0
========================================================================
Received Import Request.
  Time since last request: 0.420198 seconds.
  path: Assets/FirstPersonController/Animations/Weapons/M1911
  artifactKey: Guid(87a69052550d87d45be1c7e09a804742) Importer(815301076,1909f56bfc062723c751e8b465ee728b)
Start importing Assets/FirstPersonController/Animations/Weapons/M1911 using Guid(87a69052550d87d45be1c7e09a804742) Importer(815301076,1909f56bfc062723c751e8b465ee728b)  -> (artifact id: '424098375453d865ad97761d02ba17b9') in 0.000626 seconds
Number of updated asset objects reloaded before import = 0
Number of asset objects unloaded after import = 0
========================================================================
Received Import Request.
  Time since last request: 4.642624 seconds.
  path: Assets/FirstPersonController/Animations/Weapons/Knife_Karambit
  artifactKey: Guid(2bf769e5d5a1e264687ccf1f95cc437d) Importer(815301076,1909f56bfc062723c751e8b465ee728b)
Start importing Assets/FirstPersonController/Animations/Weapons/Knife_Karambit using Guid(2bf769e5d5a1e264687ccf1f95cc437d) Importer(815301076,1909f56bfc062723c751e8b465ee728b)  -> (artifact id: 'e366d80a513fbae65a3b903b83da0336') in 0.000550 seconds
Number of updated asset objects reloaded before import = 0
Number of asset objects unloaded after import = 0
========================================================================
Received Import Request.
  Time since last request: 3.717915 seconds.
  path: Assets/FirstPersonController/Animators
  artifactKey: Guid(048640421b41aa54588f606ff98bbf7c) Importer(815301076,1909f56bfc062723c751e8b465ee728b)
Start importing Assets/FirstPersonController/Animators using Guid(048640421b41aa54588f606ff98bbf7c) Importer(815301076,1909f56bfc062723c751e8b465ee728b)  -> (artifact id: 'ad758ea887f2968d8f8f30043cd98b3e') in 0.000640 seconds
Number of updated asset objects reloaded before import = 0
Number of asset objects unloaded after import = 0
========================================================================
Received Import Request.
  Time since last request: 0.968003 seconds.
  path: Assets/FirstPersonController/Animators/Usables
  artifactKey: Guid(b09c78807580b5d43a67d9e5312929b0) Importer(815301076,1909f56bfc062723c751e8b465ee728b)
Start importing Assets/FirstPersonController/Animators/Usables using Guid(b09c78807580b5d43a67d9e5312929b0) Importer(815301076,1909f56bfc062723c751e8b465ee728b)  -> (artifact id: '18fc6fffda41764152201216900c3712') in 0.000515 seconds
Number of updated asset objects reloaded before import = 0
Number of asset objects unloaded after import = 0
========================================================================
Received Import Request.
  Time since last request: 30.765050 seconds.
  path: Assets/Models
  artifactKey: Guid(8e9ce8fbd8b30a64dbf6d0a7b75e1f77) Importer(815301076,1909f56bfc062723c751e8b465ee728b)
Start importing Assets/Models using Guid(8e9ce8fbd8b30a64dbf6d0a7b75e1f77) Importer(815301076,1909f56bfc062723c751e8b465ee728b)  -> (artifact id: 'aac5e9aa0ea44ad6984af186493e9000') in 0.001012 seconds
Number of updated asset objects reloaded before import = 0
Number of asset objects unloaded after import = 0
========================================================================
Received Import Request.
  Time since last request: 0.806424 seconds.
  path: Assets/Models/Enemy
  artifactKey: Guid(8b271711abf94d34680ef840f3d75f56) Importer(815301076,1909f56bfc062723c751e8b465ee728b)
Start importing Assets/Models/Enemy using Guid(8b271711abf94d34680ef840f3d75f56) Importer(815301076,1909f56bfc062723c751e8b465ee728b)  -> (artifact id: '4aad667d9374d15be417b5ec249c87d8') in 0.000665 seconds
Number of updated asset objects reloaded before import = 0
Number of asset objects unloaded after import = 0
========================================================================
Received Import Request.
  Time since last request: 0.054576 seconds.
  path: Assets/Models/Enemy/Enemy_Death.fbx
  artifactKey: Guid(7b2f277a04f74b24db9fb45bd7285134) Importer(815301076,1909f56bfc062723c751e8b465ee728b)
Start importing Assets/Models/Enemy/Enemy_Death.fbx using Guid(7b2f277a04f74b24db9fb45bd7285134) Importer(815301076,1909f56bfc062723c751e8b465ee728b)  -> (artifact id: '0bd37a2bcb1a38815c00e8fb705571fd') in 0.010121 seconds
Number of updated asset objects reloaded before import = 0
Number of asset objects unloaded after import = 141
========================================================================
Received Import Request.
  Time since last request: 2.018484 seconds.
  path: Assets/Models/Enemy/Materials
  artifactKey: Guid(88e87f1c4ea627c428ca2ea3a0f80bbf) Importer(815301076,1909f56bfc062723c751e8b465ee728b)
Start importing Assets/Models/Enemy/Materials using Guid(88e87f1c4ea627c428ca2ea3a0f80bbf) Importer(815301076,1909f56bfc062723c751e8b465ee728b)  -> (artifact id: 'e5b1e8724da233333db95ba89cd678ef') in 0.000923 seconds
Number of updated asset objects reloaded before import = 0
Number of asset objects unloaded after import = 0
========================================================================
Received Import Request.
  Time since last request: 0.047960 seconds.
  path: Assets/Models/Enemy/Materials/EnemyMat.mat
  artifactKey: Guid(261da8e703c85d74e8046df7cf01df2b) Importer(815301076,1909f56bfc062723c751e8b465ee728b)
Start importing Assets/Models/Enemy/Materials/EnemyMat.mat using Guid(261da8e703c85d74e8046df7cf01df2b) Importer(815301076,1909f56bfc062723c751e8b465ee728b)  -> (artifact id: '905ebf309f90d6c1e583dc88b3188b0b') in 0.008540 seconds
Number of updated asset objects reloaded before import = 0
Number of asset objects unloaded after import = 1
========================================================================
Received Prepare
Begin MonoManager ReloadAssembly
- Loaded All Assemblies, in  0.595 seconds
Refreshing native plugins compatible for Editor in 3.07 ms, found 2 plugins.
Native extension for WindowsStandalone target not found
Native extension for Android target not found
[Package Manager] Server::EnsureServerProcessIsRunning -- launch failed, reason: Unity was launched with the -noUpm command-line argument
[Package Manager] UpmClient::Send -- Unable to send message (not connected to UPM process).
[Package Manager] Cannot connect to Unity Package Manager local server
Mono: successfully reloaded assembly
- Finished resetting the current domain, in  0.844 seconds
Domain Reload Profiling: 1434ms
	BeginReloadAssembly (294ms)
		ExecutionOrderSort (0ms)
		DisableScriptedObjects (5ms)
		BackupInstance (0ms)
		ReleaseScriptingObjects (0ms)
		CreateAndSetChildDomain (32ms)
	RebuildCommonClasses (39ms)
	RebuildNativeTypeToScriptingClass (13ms)
	initialDomainReloadingComplete (49ms)
	LoadAllAssembliesAndSetupDomain (194ms)
		LoadAssemblies (267ms)
		RebuildTransferFunctionScriptingTraits (0ms)
		AnalyzeDomain (12ms)
			TypeCache.Refresh (7ms)
				TypeCache.ScanAssembly (0ms)
			ScanForSourceGeneratedMonoScriptInfo (0ms)
			ResolveRequiredComponents (4ms)
	FinalizeReload (844ms)
		ReleaseScriptCaches (0ms)
		RebuildScriptCaches (0ms)
		SetupLoadedEditorAssemblies (375ms)
			LogAssemblyErrors (0ms)
			InitializePlatformSupportModulesInManaged (32ms)
			SetLoadedEditorAssemblies (3ms)
			RefreshPlugins (0ms)
			BeforeProcessingInitializeOnLoad (57ms)
			ProcessInitializeOnLoadAttributes (248ms)
			ProcessInitializeOnLoadMethodAttributes (22ms)
			AfterProcessingInitializeOnLoad (13ms)
			EditorAssembliesLoaded (0ms)
		ExecutionOrderSort2 (0ms)
		AwakeInstancesAfterBackupRestoration (22ms)
Refreshing native plugins compatible for Editor in 4.93 ms, found 2 plugins.
Preloading 0 native plugins for Editor in 0.00 ms.
Unloading 1421 Unused Serialized files (Serialized files now loaded: 0)
Unloading 17 unused Assets / (28.1 KB). Loaded Objects now: 1963.
Memory consumption went from 103.9 MB to 103.8 MB.
Total: 4.962800 ms (FindLiveObjects: 0.243300 ms CreateObjectMapping: 0.124200 ms MarkObjects: 4.524700 ms  DeleteObjects: 0.068000 ms)

Prepare: number of updated asset objects reloaded= 0
AssetImportParameters requested are different than current active one (requested -> active):
  custom:video-encoder-webm-vp8: eb34c28f22e8b96e1ab97ce403110664 -> 
  custom:video-decoder-webm-vp8: 9c59270c3fd7afecdb556c50c9e8de78 -> 
  custom:audio-decoder-ogg-vorbis: bf7c407c2cedff20999df2af8eb42d56 -> 
  custom:SearchIndexIgnoredProperties: e643bd26f0fe6173181afceb89e7c659 -> 
  custom:container-demuxer-ogg: 62fdf1f143b41e24485cea50d1cbac27 -> 
  custom:AudioImporter_EditorPlatform: d09bf68614088b80899f8185d706f6e7 -> 
  custom:CustomObjectIndexerAttribute: 9a22284fe3817be447336de3de66b15e -> 
  custom:container-demuxer-webm: 4f35f7cbe854078d1ac9338744f61a02 -> 
  custom:video-codec-MediaFoundation-h265: 746d11721c4dcdbdad8f713fa42b33f4 -> 
  custom:video-decoder-ogg-theora: a1e56fd34408186e4bbccfd4996cb3dc -> 
  custom:audio-encoder-webm-vorbis: bf7c407c2cedff20999df2af8eb42d56 -> 
  custom:framework-win-MediaFoundation: 216162199b28c13a410421893ffa2e32 -> 
  custom:container-muxer-webm: aa71ff27fc2769a1b78a27578f13a17b -> 
========================================================================
Received Import Request.
  Time since last request: 73.277748 seconds.
  path: Assets/Scenes/FPS_scene.unity
  artifactKey: Guid(a6a6ddeaa77e19440b6c859302b2e779) Importer(815301076,1909f56bfc062723c751e8b465ee728b)
Start importing Assets/Scenes/FPS_scene.unity using Guid(a6a6ddeaa77e19440b6c859302b2e779) Importer(815301076,1909f56bfc062723c751e8b465ee728b)  -> (artifact id: 'c2dcc41e8f2627884539938734a01ddf') in 0.003180 seconds
Number of updated asset objects reloaded before import = 0
Number of asset objects unloaded after import = 0
========================================================================
Received Import Request.
  Time since last request: 0.249905 seconds.
  path: Assets/Scenes/SampleScene
  artifactKey: Guid(a00dacaeb4e9c394ba78c5a05bba1af6) Importer(815301076,1909f56bfc062723c751e8b465ee728b)
Start importing Assets/Scenes/SampleScene using Guid(a00dacaeb4e9c394ba78c5a05bba1af6) Importer(815301076,1909f56bfc062723c751e8b465ee728b)  -> (artifact id: '7ecfcf04608efa9f121bbda33e8f8af5') in 0.000743 seconds
Number of updated asset objects reloaded before import = 0
Number of asset objects unloaded after import = 0
========================================================================
Received Import Request.
  Time since last request: 0.288129 seconds.
  path: Assets/Scenes/FPS_scene
  artifactKey: Guid(b9e9e4ddaa2def6498d1bb900c4c9b36) Importer(815301076,1909f56bfc062723c751e8b465ee728b)
Start importing Assets/Scenes/FPS_scene using Guid(b9e9e4ddaa2def6498d1bb900c4c9b36) Importer(815301076,1909f56bfc062723c751e8b465ee728b)  -> (artifact id: '52efaedac710a05adf3d4ee49e02cfe1') in 0.000801 seconds
Number of updated asset objects reloaded before import = 0
Number of asset objects unloaded after import = 0
========================================================================
Received Import Request.
  Time since last request: 44.510372 seconds.
  path: Assets/FirstPersonController/Models
  artifactKey: Guid(8fe308ab6ee35f941a0548196df60b6e) Importer(815301076,1909f56bfc062723c751e8b465ee728b)
Start importing Assets/FirstPersonController/Models using Guid(8fe308ab6ee35f941a0548196df60b6e) Importer(815301076,1909f56bfc062723c751e8b465ee728b)  -> (artifact id: '4377a91061ae7402f1fa0d4b780d3343') in 0.001032 seconds
Number of updated asset objects reloaded before import = 0
Number of asset objects unloaded after import = 0
========================================================================
Received Import Request.
  Time since last request: 0.886510 seconds.
  path: Assets/FirstPersonController/Models/Cerumbite
  artifactKey: Guid(80938b99a54953743ab33e7318a318f2) Importer(815301076,1909f56bfc062723c751e8b465ee728b)
Start importing Assets/FirstPersonController/Models/Cerumbite using Guid(80938b99a54953743ab33e7318a318f2) Importer(815301076,1909f56bfc062723c751e8b465ee728b)  -> (artifact id: '04024e42903a42e48252623b41cd384b') in 0.000778 seconds
Number of updated asset objects reloaded before import = 0
Number of asset objects unloaded after import = 0
========================================================================
Received Import Request.
  Time since last request: 8.611738 seconds.
  path: Assets/ThirdPersonController/Prefabs
  artifactKey: Guid(0806043f3787aec40bdf6bc8e8951dc5) Importer(815301076,1909f56bfc062723c751e8b465ee728b)
Start importing Assets/ThirdPersonController/Prefabs using Guid(0806043f3787aec40bdf6bc8e8951dc5) Importer(815301076,1909f56bfc062723c751e8b465ee728b)  -> (artifact id: '56636f06ac6991c152274721dbf6ee5d') in 0.000969 seconds
Number of updated asset objects reloaded before import = 0
Number of asset objects unloaded after import = 0
========================================================================
Received Import Request.
  Time since last request: 0.426325 seconds.
  path: Assets/ThirdPersonController/Models
  artifactKey: Guid(2739723fd22eb04498e2613c4a504d70) Importer(815301076,1909f56bfc062723c751e8b465ee728b)
Start importing Assets/ThirdPersonController/Models using Guid(2739723fd22eb04498e2613c4a504d70) Importer(815301076,1909f56bfc062723c751e8b465ee728b)  -> (artifact id: 'c525479dcc4fd7636747576eaf8b36e4') in 0.001016 seconds
Number of updated asset objects reloaded before import = 0
Number of asset objects unloaded after import = 0
========================================================================
Received Import Request.
  Time since last request: 0.307746 seconds.
  path: Assets/ThirdPersonController/Animations
  artifactKey: Guid(fc5194a72101e994b9e8de00511c1ded) Importer(815301076,1909f56bfc062723c751e8b465ee728b)
Start importing Assets/ThirdPersonController/Animations using Guid(fc5194a72101e994b9e8de00511c1ded) Importer(815301076,1909f56bfc062723c751e8b465ee728b)  -> (artifact id: '1b37218b64e0108a47c5879748664378') in 0.000511 seconds
Number of updated asset objects reloaded before import = 0
Number of asset objects unloaded after import = 0
========================================================================
Received Import Request.
  Time since last request: 1.415323 seconds.
  path: Assets/ThirdPersonController/Models/JohnWick
  artifactKey: Guid(1a32b1813a330144f9535bb939e95231) Importer(815301076,1909f56bfc062723c751e8b465ee728b)
Start importing Assets/ThirdPersonController/Models/JohnWick using Guid(1a32b1813a330144f9535bb939e95231) Importer(815301076,1909f56bfc062723c751e8b465ee728b)  -> (artifact id: '04a7f5aa920f1c649c43c40ea35bc9e0') in 0.000533 seconds
Number of updated asset objects reloaded before import = 0
Number of asset objects unloaded after import = 0
========================================================================
Received Import Request.
  Time since last request: 49.402771 seconds.
  path: Assets/FirstPersonController/Scripts/FPS_Player.cs
  artifactKey: Guid(d375453da4133d44ca8dd7976278d3d4) Importer(815301076,1909f56bfc062723c751e8b465ee728b)
Start importing Assets/FirstPersonController/Scripts/FPS_Player.cs using Guid(d375453da4133d44ca8dd7976278d3d4) Importer(815301076,1909f56bfc062723c751e8b465ee728b)  -> (artifact id: 'b9950316b9282663f4779a045c399122') in 0.001017 seconds
Number of updated asset objects reloaded before import = 0
Number of asset objects unloaded after import = 0
========================================================================
Received Import Request.
  Time since last request: 10.174126 seconds.
  path: Assets
  artifactKey: Guid(00000000000000001000000000000000) Importer(815301076,1909f56bfc062723c751e8b465ee728b)
Start importing Assets using Guid(00000000000000001000000000000000) Importer(815301076,1909f56bfc062723c751e8b465ee728b)  -> (artifact id: '8a4fe85251aa2e89732c359432baa2c3') in 0.000638 seconds
Number of updated asset objects reloaded before import = 0
Number of asset objects unloaded after import = 0
========================================================================
Received Prepare
Begin MonoManager ReloadAssembly
- Loaded All Assemblies, in  0.537 seconds
Refreshing native plugins compatible for Editor in 2.93 ms, found 2 plugins.
Native extension for WindowsStandalone target not found
Native extension for Android target not found
[Package Manager] Server::EnsureServerProcessIsRunning -- launch failed, reason: Unity was launched with the -noUpm command-line argument
[Package Manager] UpmClient::Send -- Unable to send message (not connected to UPM process).
[Package Manager] Cannot connect to Unity Package Manager local server
Mono: successfully reloaded assembly
- Finished resetting the current domain, in  0.759 seconds
Domain Reload Profiling: 1293ms
	BeginReloadAssembly (273ms)
		ExecutionOrderSort (0ms)
		DisableScriptedObjects (5ms)
		BackupInstance (0ms)
		ReleaseScriptingObjects (0ms)
		CreateAndSetChildDomain (31ms)
	RebuildCommonClasses (38ms)
	RebuildNativeTypeToScriptingClass (10ms)
	initialDomainReloadingComplete (33ms)
	LoadAllAssembliesAndSetupDomain (178ms)
		LoadAssemblies (244ms)
		RebuildTransferFunctionScriptingTraits (0ms)
		AnalyzeDomain (22ms)
			TypeCache.Refresh (10ms)
				TypeCache.ScanAssembly (0ms)
			ScanForSourceGeneratedMonoScriptInfo (8ms)
			ResolveRequiredComponents (3ms)
	FinalizeReload (760ms)
		ReleaseScriptCaches (0ms)
		RebuildScriptCaches (0ms)
		SetupLoadedEditorAssemblies (356ms)
			LogAssemblyErrors (0ms)
			InitializePlatformSupportModulesInManaged (22ms)
			SetLoadedEditorAssemblies (2ms)
			RefreshPlugins (0ms)
			BeforeProcessingInitializeOnLoad (39ms)
			ProcessInitializeOnLoadAttributes (259ms)
			ProcessInitializeOnLoadMethodAttributes (22ms)
			AfterProcessingInitializeOnLoad (11ms)
			EditorAssembliesLoaded (0ms)
		ExecutionOrderSort2 (0ms)
		AwakeInstancesAfterBackupRestoration (14ms)
Refreshing native plugins compatible for Editor in 5.15 ms, found 2 plugins.
Preloading 0 native plugins for Editor in 0.00 ms.
Unloading 1421 Unused Serialized files (Serialized files now loaded: 0)
Unloading 17 unused Assets / (28.0 KB). Loaded Objects now: 1966.
Memory consumption went from 105.8 MB to 105.8 MB.
Total: 4.169300 ms (FindLiveObjects: 0.228300 ms CreateObjectMapping: 0.080700 ms MarkObjects: 3.795200 ms  DeleteObjects: 0.063200 ms)

Prepare: number of updated asset objects reloaded= 0
AssetImportParameters requested are different than current active one (requested -> active):
  custom:video-encoder-webm-vp8: eb34c28f22e8b96e1ab97ce403110664 -> 
  custom:video-decoder-webm-vp8: 9c59270c3fd7afecdb556c50c9e8de78 -> 
  custom:audio-decoder-ogg-vorbis: bf7c407c2cedff20999df2af8eb42d56 -> 
  custom:SearchIndexIgnoredProperties: e643bd26f0fe6173181afceb89e7c659 -> 
  custom:container-demuxer-ogg: 62fdf1f143b41e24485cea50d1cbac27 -> 
  custom:AudioImporter_EditorPlatform: d09bf68614088b80899f8185d706f6e7 -> 
  custom:CustomObjectIndexerAttribute: 9a22284fe3817be447336de3de66b15e -> 
  custom:container-demuxer-webm: 4f35f7cbe854078d1ac9338744f61a02 -> 
  custom:video-codec-MediaFoundation-h265: 746d11721c4dcdbdad8f713fa42b33f4 -> 
  custom:video-decoder-ogg-theora: a1e56fd34408186e4bbccfd4996cb3dc -> 
  custom:audio-encoder-webm-vorbis: bf7c407c2cedff20999df2af8eb42d56 -> 
  custom:framework-win-MediaFoundation: 216162199b28c13a410421893ffa2e32 -> 
  custom:container-muxer-webm: aa71ff27fc2769a1b78a27578f13a17b -> 
========================================================================
Received Prepare
Begin MonoManager ReloadAssembly
- Loaded All Assemblies, in  0.555 seconds
Refreshing native plugins compatible for Editor in 4.11 ms, found 2 plugins.
Native extension for WindowsStandalone target not found
Native extension for Android target not found
[Package Manager] Server::EnsureServerProcessIsRunning -- launch failed, reason: Unity was launched with the -noUpm command-line argument
[Package Manager] UpmClient::Send -- Unable to send message (not connected to UPM process).
[Package Manager] Cannot connect to Unity Package Manager local server
Mono: successfully reloaded assembly
- Finished resetting the current domain, in  0.829 seconds
Domain Reload Profiling: 1380ms
	BeginReloadAssembly (296ms)
		ExecutionOrderSort (0ms)
		DisableScriptedObjects (7ms)
		BackupInstance (0ms)
		ReleaseScriptingObjects (0ms)
		CreateAndSetChildDomain (32ms)
	RebuildCommonClasses (34ms)
	RebuildNativeTypeToScriptingClass (10ms)
	initialDomainReloadingComplete (34ms)
	LoadAllAssembliesAndSetupDomain (177ms)
		LoadAssemblies (254ms)
		RebuildTransferFunctionScriptingTraits (0ms)
		AnalyzeDomain (12ms)
			TypeCache.Refresh (6ms)
				TypeCache.ScanAssembly (0ms)
			ScanForSourceGeneratedMonoScriptInfo (0ms)
			ResolveRequiredComponents (4ms)
	FinalizeReload (830ms)
		ReleaseScriptCaches (0ms)
		RebuildScriptCaches (0ms)
		SetupLoadedEditorAssemblies (376ms)
			LogAssemblyErrors (0ms)
			InitializePlatformSupportModulesInManaged (28ms)
			SetLoadedEditorAssemblies (3ms)
			RefreshPlugins (0ms)
			BeforeProcessingInitializeOnLoad (53ms)
			ProcessInitializeOnLoadAttributes (253ms)
			ProcessInitializeOnLoadMethodAttributes (27ms)
			AfterProcessingInitializeOnLoad (12ms)
			EditorAssembliesLoaded (0ms)
		ExecutionOrderSort2 (0ms)
		AwakeInstancesAfterBackupRestoration (17ms)
Refreshing native plugins compatible for Editor in 5.54 ms, found 2 plugins.
Preloading 0 native plugins for Editor in 0.00 ms.
Unloading 1421 Unused Serialized files (Serialized files now loaded: 0)
Unloading 17 unused Assets / (28.1 KB). Loaded Objects now: 1969.
Memory consumption went from 107.8 MB to 107.7 MB.
Total: 3.699700 ms (FindLiveObjects: 0.229400 ms CreateObjectMapping: 0.113700 ms MarkObjects: 3.289600 ms  DeleteObjects: 0.064800 ms)

Prepare: number of updated asset objects reloaded= 0
AssetImportParameters requested are different than current active one (requested -> active):
  custom:video-encoder-webm-vp8: eb34c28f22e8b96e1ab97ce403110664 -> 
  custom:video-decoder-webm-vp8: 9c59270c3fd7afecdb556c50c9e8de78 -> 
  custom:audio-decoder-ogg-vorbis: bf7c407c2cedff20999df2af8eb42d56 -> 
  custom:SearchIndexIgnoredProperties: e643bd26f0fe6173181afceb89e7c659 -> 
  custom:container-demuxer-ogg: 62fdf1f143b41e24485cea50d1cbac27 -> 
  custom:AudioImporter_EditorPlatform: d09bf68614088b80899f8185d706f6e7 -> 
  custom:CustomObjectIndexerAttribute: 9a22284fe3817be447336de3de66b15e -> 
  custom:container-demuxer-webm: 4f35f7cbe854078d1ac9338744f61a02 -> 
  custom:video-codec-MediaFoundation-h265: 746d11721c4dcdbdad8f713fa42b33f4 -> 
  custom:video-decoder-ogg-theora: a1e56fd34408186e4bbccfd4996cb3dc -> 
  custom:audio-encoder-webm-vorbis: bf7c407c2cedff20999df2af8eb42d56 -> 
  custom:framework-win-MediaFoundation: 216162199b28c13a410421893ffa2e32 -> 
  custom:container-muxer-webm: aa71ff27fc2769a1b78a27578f13a17b -> 
========================================================================
Received Import Request.
  Time since last request: 207.284785 seconds.
  path: Assets/Scenes/SampleScene.unity
  artifactKey: Guid(9fc0d4010bbf28b4594072e72b8655ab) Importer(815301076,1909f56bfc062723c751e8b465ee728b)
Start importing Assets/Scenes/SampleScene.unity using Guid(9fc0d4010bbf28b4594072e72b8655ab) Importer(815301076,1909f56bfc062723c751e8b465ee728b)  -> (artifact id: 'd07f84b445976073f0cf75ce7b6aa9d5') in 0.005222 seconds
Number of updated asset objects reloaded before import = 0
Number of asset objects unloaded after import = 0
========================================================================
Received Import Request.
  Time since last request: 6.135993 seconds.
  path: Assets/Scenes/FPS_scene/LightingData.asset
  artifactKey: Guid(b095765a727edf04b97a228a1703e67f) Importer(815301076,1909f56bfc062723c751e8b465ee728b)
Start importing Assets/Scenes/FPS_scene/LightingData.asset using Guid(b095765a727edf04b97a228a1703e67f) Importer(815301076,1909f56bfc062723c751e8b465ee728b)  -> (artifact id: 'a42e85b92ff43a364a4f1222d3b37805') in 0.011584 seconds
Number of updated asset objects reloaded before import = 0
Number of asset objects unloaded after import = 1
========================================================================
Received Import Request.
  Time since last request: 0.000014 seconds.
  path: Assets/Scenes/FPS_scene/ReflectionProbe-0.exr
  artifactKey: Guid(1b9890b59693c0f4f848c6ec05f55a0f) Importer(815301076,1909f56bfc062723c751e8b465ee728b)
Start importing Assets/Scenes/FPS_scene/ReflectionProbe-0.exr using Guid(1b9890b59693c0f4f848c6ec05f55a0f) Importer(815301076,1909f56bfc062723c751e8b465ee728b)  -> (artifact id: '272bbbc1a77917d5a7d9c381706b9c18') in 0.063103 seconds
Number of updated asset objects reloaded before import = 0
Number of asset objects unloaded after import = 1
========================================================================
Received Import Request.
  Time since last request: 5.146647 seconds.
  path: Assets/ThirdPersonController
  artifactKey: Guid(529c443bc0ddb0d46acc4eb627a502ce) Importer(815301076,1909f56bfc062723c751e8b465ee728b)
Start importing Assets/ThirdPersonController using Guid(529c443bc0ddb0d46acc4eb627a502ce) Importer(815301076,1909f56bfc062723c751e8b465ee728b)  -> (artifact id: '254d2684ba54d0032f8128504700d9e0') in 0.000761 seconds
Number of updated asset objects reloaded before import = 0
Number of asset objects unloaded after import = 0
========================================================================
Received Import Request.
  Time since last request: 1.082990 seconds.
  path: Assets/ThirdPersonController/Animations
  artifactKey: Guid(fc5194a72101e994b9e8de00511c1ded) Importer(815301076,1909f56bfc062723c751e8b465ee728b)
Start importing Assets/ThirdPersonController/Animations using Guid(fc5194a72101e994b9e8de00511c1ded) Importer(815301076,1909f56bfc062723c751e8b465ee728b)  -> (artifact id: '79188e1a5a688750c951515ad9008b4f') in 0.000745 seconds
Number of updated asset objects reloaded before import = 0
Number of asset objects unloaded after import = 0
========================================================================
Received Import Request.
  Time since last request: 0.048744 seconds.
  path: Assets/ThirdPersonController/Animations/Jumping.fbx
  artifactKey: Guid(c107fecb0b8a4bc4680b37eeaf6301a1) Importer(815301076,1909f56bfc062723c751e8b465ee728b)
Start importing Assets/ThirdPersonController/Animations/Jumping.fbx using Guid(c107fecb0b8a4bc4680b37eeaf6301a1) Importer(815301076,1909f56bfc062723c751e8b465ee728b)  -> (artifact id: '3415b682a9225eeba002af60d8cf7bda') in 0.020724 seconds
Number of updated asset objects reloaded before import = 0
Number of asset objects unloaded after import = 371
========================================================================
Received Import Request.
  Time since last request: 0.005981 seconds.
  path: Assets/ThirdPersonController/Animations/Walking.fbx
  artifactKey: Guid(1ce9985da05f39f4081c48cc93430be5) Importer(815301076,1909f56bfc062723c751e8b465ee728b)
Start importing Assets/ThirdPersonController/Animations/Walking.fbx using Guid(1ce9985da05f39f4081c48cc93430be5) Importer(815301076,1909f56bfc062723c751e8b465ee728b)  -> (artifact id: '21077bd25c2951d5121c5ae49a1f569a') in 0.007486 seconds
Number of updated asset objects reloaded before import = 0
Number of asset objects unloaded after import = 371
Editor requested this worker to shutdown with reason: Scaling down because of idle timeout
TcpMessagingSession - receive error: operation aborted. errorcode: 995, details: La operacin de E/S se anul por una salida de subproceso o por una solicitud de aplicacin.
AssetImportWorker is now disconnected from the server
Process exiting
Exiting without the bug reporter. Application will terminate with return code 0